#
# There is insufficient memory for the Java Runtime Environment to continue.
# Native memory allocation (mmap) failed to map 27262976 bytes for Failed to commit area from 0x0000000087e00000 to 0x0000000089800000 of length 27262976.
# Possible reasons:
#   The system is out of physical RAM or swap space
#   The process is running with CompressedOops enabled, and the Java Heap may be blocking the growth of the native heap
# Possible solutions:
#   Reduce memory load on the system
#   Increase physical memory or swap space
#   Check if swap backing store is full
#   Decrease Java heap size (-Xmx/-Xms)
#   Decrease number of Java threads
#   Decrease Java thread stack sizes (-Xss)
#   Set larger code cache with -XX:ReservedCodeCacheSize=
#   JVM is running with Unscaled Compressed Oops mode in which the Java heap is
#     placed in the first 4GB address space. The Java Heap base address is the
#     maximum limit for the native heap growth. Please use -XX:HeapBaseMinAddress
#     to set the Java Heap base and to place the Java Heap above 4GB virtual address.
# This output file may be truncated or incomplete.
#
#  Out of Memory Error (./src/hotspot/os/windows/os_windows.cpp:3521), pid=21676, tid=29444
#
# JRE version: OpenJDK Runtime Environment (11.0.12+7) (build 11.0.12+7-b1504.28-7817840)
# Java VM: OpenJDK 64-Bit Server VM (11.0.12+7-b1504.28-7817840, mixed mode, tiered, compressed oops, g1 gc, windows-amd64)
# No core dump will be written. Minidumps are not enabled by default on client versions of Windows
#

---------------  S U M M A R Y ------------

Command Line: --add-opens=java.base/java.util=ALL-UNNAMED --add-opens=java.base/java.lang=ALL-UNNAMED --add-opens=java.base/java.lang.invoke=ALL-UNNAMED --add-opens=java.prefs/java.util.prefs=ALL-UNNAMED -Xmx2048m -Dfile.encoding=UTF-8 -Duser.country=ID -Duser.language=en -Duser.variant org.gradle.launcher.daemon.bootstrap.GradleDaemon 6.5

Host: Intel(R) Core(TM) i7-10750H CPU @ 2.60GHz, 12 cores, 7G,  Windows 10 , 64 bit Build 22000 (10.0.22000.708)
Time: Thu Sep  8 10:30:19 2022 SE Asia Standard Time elapsed time: 23.061493 seconds (0d 0h 0m 23s)

---------------  T H R E A D  ---------------

Current thread (0x0000019679e27800):  VMThread "VM Thread" [stack: 0x00000005c0300000,0x00000005c0400000] [id=29444]

Stack: [0x00000005c0300000,0x00000005c0400000]
[error occurred during error reporting (printing stack bounds), id 0xc0000005, EXCEPTION_ACCESS_VIOLATION (0xc0000005) at pc=0x000001960000112d]

Native frames: (J=compiled Java code, j=interpreted, Vv=VM code, C=native code)
V  [jvm.dll+0x5fbcea]
V  [jvm.dll+0x731905]
V  [jvm.dll+0x732f1d]
V  [jvm.dll+0x733535]
V  [jvm.dll+0x7334eb]
V  [jvm.dll+0x5fb080]
V  [jvm.dll+0x5fb818]
C  [ntdll.dll+0xa8fcf]
C  [ntdll.dll+0x35e9a]
C  [ntdll.dll+0xa7fde]
C  0x000001960000112d

VM_Operation (0x00000005c18fa340): G1CollectForAllocation, mode: safepoint, requested by thread 0x000001967c433000


---------------  P R O C E S S  ---------------

Threads class SMR info:
_java_thread_list=0x000001960f7a67c0, length=157, elements={
0x000001966e550000, 0x0000019679e2b000, 0x0000019679e2e000, 0x0000019679e4c800,
0x0000019679e4e000, 0x0000019679e4f000, 0x0000019679e50800, 0x0000019679e51800,
0x0000019679e55000, 0x000001967a90c800, 0x000001967b7df000, 0x000001967c77f800,
0x000001967c3ea800, 0x000001967c3eb800, 0x000001967c76b800, 0x000001967c3e3800,
0x000001967c433000, 0x000001967c3a0800, 0x000001967c3a1800, 0x000001967c45e000,
0x000001967c45f800, 0x000001967c460800, 0x000001967c461000, 0x000001967c45d000,
0x000001967c45f000, 0x000001967c462000, 0x000001967c45c800, 0x000001967c463000,
0x000001967bc54000, 0x000001967bc5a800, 0x000001967bc55800, 0x000001967bc58000,
0x000001967bc56800, 0x000001967bc59800, 0x000001967bc57800, 0x000001967bc59000,
0x000001967bc55000, 0x000001967bc60000, 0x000001967bc5e800, 0x000001967bc5f800,
0x000001967bc61000, 0x000001967bc5b800, 0x000001967bc62000, 0x000001967bc5c000,
0x000001967bc62800, 0x000001967bc5d000, 0x000001967bc5e000, 0x000001967d649000,
0x000001967d647000, 0x000001967d644800, 0x000001967d64b800, 0x000001967d648000,
0x000001967d64c000, 0x000001967d646800, 0x000001967d64d000, 0x000001967d64d800,
0x000001967d64e800, 0x000001967d64f800, 0x000001967d649800, 0x000001967d650000,
0x000001967d652800, 0x000001967d651000, 0x000001967d652000, 0x000001967d653800,
0x000001967ed2f000, 0x000001967ed30000, 0x000001967ed2c800, 0x000001967ed2e000,
0x000001967ed30800, 0x000001967ed2b000, 0x000001967ed31800, 0x000001967ed2d800,
0x000001967ed2b800, 0x000001967ed33000, 0x000001967ed34800, 0x000001967ed38000,
0x000001967ed36800, 0x000001967ed34000, 0x000001967ed35800, 0x000001967ed37000,
0x000001967ed32000, 0x000001967ed39000, 0x000001967ed39800, 0x000001967f124000,
0x000001967f11f000, 0x000001967f125800, 0x000001967f11f800, 0x000001967f124800,
0x000001967f126800, 0x000001967f120800, 0x000001967f127000, 0x000001967f121800,
0x000001967f128000, 0x000001967f123000, 0x000001967f122000, 0x000001967f12d000,
0x000001967f12d800, 0x000001967f128800, 0x000001967f12c000, 0x000001967f129800,
0x000001967f12a800, 0x000001967f12b000, 0x000001960f788800, 0x000001960f785800,
0x000001960f783800, 0x000001960f786000, 0x000001960f784800, 0x000001960f787000,
0x000001960f788000, 0x000001960f783000, 0x000001960f78d800, 0x000001960f78c800,
0x000001960f789800, 0x000001960f78a800, 0x000001960f790000, 0x000001960f78e800,
0x000001960f78f000, 0x000001960f78c000, 0x000001960f791000, 0x000001960f78b000,
0x000001960f791800, 0x000001967f28d000, 0x000001967f28e000, 0x000001967f28c000,
0x000001967f289800, 0x000001967f28f800, 0x000001967f28e800, 0x000001967f28a800,
0x000001967f290800, 0x000001967f291000, 0x000001967f28b800, 0x000001967f292000,
0x000001967f292800, 0x000001967f295000, 0x000001967f297800, 0x000001967f298800,
0x000001967f293800, 0x000001967f294800, 0x000001967f296000, 0x000001967f297000,
0x000001960ffa2000, 0x000001960ffa6000, 0x000001960ffa4800, 0x000001960ffa5800,
0x000001960ffa3800, 0x000001960ffa7000, 0x000001960ffa3000, 0x000001960ffa1800,
0x000001960ffac800, 0x000001960ffad800, 0x000001960ffa9800, 0x000001960ffa8000,
0x000001960ffaa000, 0x000001960ffab000, 0x000001960ffae800, 0x000001960ffa8800,
0x000001960ffaf000
}

Java Threads: ( => current thread )
  0x000001966e550000 JavaThread "main" [_thread_blocked, id=32, stack(0x00000005bfd00000,0x00000005bfe00000)]
  0x0000019679e2b000 JavaThread "Reference Handler" daemon [_thread_blocked, id=19424, stack(0x00000005c0400000,0x00000005c0500000)]
  0x0000019679e2e000 JavaThread "Finalizer" daemon [_thread_blocked, id=19628, stack(0x00000005c0500000,0x00000005c0600000)]
  0x0000019679e4c800 JavaThread "Signal Dispatcher" daemon [_thread_blocked, id=11584, stack(0x00000005c0600000,0x00000005c0700000)]
  0x0000019679e4e000 JavaThread "Attach Listener" daemon [_thread_blocked, id=10428, stack(0x00000005c0700000,0x00000005c0800000)]
  0x0000019679e4f000 JavaThread "Service Thread" daemon [_thread_blocked, id=14804, stack(0x00000005c0800000,0x00000005c0900000)]
  0x0000019679e50800 JavaThread "C2 CompilerThread0" daemon [_thread_blocked, id=32580, stack(0x00000005c0900000,0x00000005c0a00000)]
  0x0000019679e51800 JavaThread "C1 CompilerThread0" daemon [_thread_blocked, id=5828, stack(0x00000005c0a00000,0x00000005c0b00000)]
  0x0000019679e55000 JavaThread "Sweeper thread" daemon [_thread_blocked, id=32336, stack(0x00000005c0b00000,0x00000005c0c00000)]
  0x000001967a90c800 JavaThread "Common-Cleaner" daemon [_thread_blocked, id=32600, stack(0x00000005c0c00000,0x00000005c0d00000)]
  0x000001967b7df000 JavaThread "Daemon health stats" [_thread_blocked, id=33292, stack(0x00000005c1000000,0x00000005c1100000)]
  0x000001967c77f800 JavaThread "Incoming local TCP Connector on port 60535" [_thread_in_native, id=32596, stack(0x00000005c1300000,0x00000005c1400000)]
  0x000001967c3ea800 JavaThread "Daemon periodic checks" [_thread_blocked, id=21516, stack(0x00000005c1500000,0x00000005c1600000)]
  0x000001967c3eb800 JavaThread "Daemon" [_thread_blocked, id=31884, stack(0x00000005c1600000,0x00000005c1700000)]
  0x000001967c76b800 JavaThread "Handler for socket connection from /127.0.0.1:60535 to /127.0.0.1:60536" [_thread_in_native, id=26404, stack(0x00000005c1700000,0x00000005c1800000)]
  0x000001967c3e3800 JavaThread "Cancel handler" [_thread_blocked, id=5880, stack(0x00000005c1400000,0x00000005c1500000)]
  0x000001967c433000 JavaThread "Daemon worker" [_thread_blocked, id=19996, stack(0x00000005c1800000,0x00000005c1900000)]
  0x000001967c3a0800 JavaThread "Asynchronous log dispatcher for DefaultDaemonConnection: socket connection from /127.0.0.1:60535 to /127.0.0.1:60536" [_thread_blocked, id=33368, stack(0x00000005c1900000,0x00000005c1a00000)]
  0x000001967c3a1800 JavaThread "Stdin handler" [_thread_blocked, id=22804, stack(0x00000005c1a00000,0x00000005c1b00000)]
  0x000001967c45e000 JavaThread "Thread-8" [_thread_blocked, id=12180, stack(0x00000005c1b00000,0x00000005c1c00000)]
  0x000001967c45f800 JavaThread "Cache worker for journal cache (C:\Users\Asus\.gradle\caches\journal-1)" [_thread_blocked, id=24892, stack(0x00000005c2300000,0x00000005c2400000)]
  0x000001967c460800 JavaThread "File lock request listener" [_thread_in_native, id=30908, stack(0x00000005c2400000,0x00000005c2500000)]
  0x000001967c461000 JavaThread "Cache worker for file hash cache (C:\Users\Asus\.gradle\caches\6.5\fileHashes)" [_thread_blocked, id=31780, stack(0x00000005c2500000,0x00000005c2600000)]
  0x000001967c45d000 JavaThread "Cache worker for file hash cache (D:\KULIAH\AKADEMIK\Semerter 5\android-basics-kotlin-lemonade-app-main\android-basics-kotlin-lemonade-app-main\.gradle\6.5\fileHashes)" [_thread_blocked, id=33472, stack(0x00000005c2800000,0x00000005c2900000)]
  0x000001967c45f000 JavaThread "jar transforms" [_thread_blocked, id=32092, stack(0x00000005c2900000,0x00000005c2a00000)]
  0x000001967c462000 JavaThread "jar transforms Thread 2" [_thread_blocked, id=21816, stack(0x00000005c2a00000,0x00000005c2b00000)]
  0x000001967c45c800 JavaThread "jar transforms Thread 3" [_thread_blocked, id=30924, stack(0x00000005c2b00000,0x00000005c2c00000)]
  0x000001967c463000 JavaThread "jar transforms Thread 4" [_thread_blocked, id=21120, stack(0x00000005c2c00000,0x00000005c2d00000)]
  0x000001967bc54000 JavaThread "jar transforms Thread 5" [_thread_blocked, id=32592, stack(0x00000005c2e00000,0x00000005c2f00000)]
  0x000001967bc5a800 JavaThread "jar transforms Thread 6" [_thread_blocked, id=32236, stack(0x00000005c2f00000,0x00000005c3000000)]
  0x000001967bc55800 JavaThread "jar transforms Thread 7" [_thread_blocked, id=13584, stack(0x00000005c3000000,0x00000005c3100000)]
  0x000001967bc58000 JavaThread "jar transforms Thread 8" [_thread_blocked, id=5352, stack(0x00000005c3100000,0x00000005c3200000)]
  0x000001967bc56800 JavaThread "jar transforms Thread 9" [_thread_blocked, id=25436, stack(0x00000005c3200000,0x00000005c3300000)]
  0x000001967bc59800 JavaThread "jar transforms Thread 10" [_thread_blocked, id=32252, stack(0x00000005c3300000,0x00000005c3400000)]
  0x000001967bc57800 JavaThread "jar transforms Thread 11" [_thread_blocked, id=30572, stack(0x00000005c3400000,0x00000005c3500000)]
  0x000001967bc59000 JavaThread "jar transforms Thread 12" [_thread_blocked, id=24688, stack(0x00000005c3500000,0x00000005c3600000)]
  0x000001967bc55000 JavaThread "jar transforms Thread 13" [_thread_blocked, id=33012, stack(0x00000005c3600000,0x00000005c3700000)]
  0x000001967bc60000 JavaThread "jar transforms Thread 14" [_thread_blocked, id=8784, stack(0x00000005c3700000,0x00000005c3800000)]
  0x000001967bc5e800 JavaThread "jar transforms Thread 15" [_thread_blocked, id=1840, stack(0x00000005c3800000,0x00000005c3900000)]
  0x000001967bc5f800 JavaThread "jar transforms Thread 16" [_thread_blocked, id=32668, stack(0x00000005c3900000,0x00000005c3a00000)]
  0x000001967bc61000 JavaThread "jar transforms Thread 17" [_thread_blocked, id=21356, stack(0x00000005c3a00000,0x00000005c3b00000)]
  0x000001967bc5b800 JavaThread "jar transforms Thread 18" [_thread_blocked, id=31384, stack(0x00000005c3b00000,0x00000005c3c00000)]
  0x000001967bc62000 JavaThread "jar transforms Thread 19" [_thread_blocked, id=14408, stack(0x00000005c3c00000,0x00000005c3d00000)]
  0x000001967bc5c000 JavaThread "jar transforms Thread 20" [_thread_blocked, id=13128, stack(0x00000005c3d00000,0x00000005c3e00000)]
  0x000001967bc62800 JavaThread "jar transforms Thread 21" [_thread_blocked, id=25228, stack(0x00000005c3e00000,0x00000005c3f00000)]
  0x000001967bc5d000 JavaThread "jar transforms Thread 22" [_thread_blocked, id=20608, stack(0x00000005c3f00000,0x00000005c4000000)]
  0x000001967bc5e000 JavaThread "jar transforms Thread 23" [_thread_blocked, id=31048, stack(0x00000005c4000000,0x00000005c4100000)]
  0x000001967d649000 JavaThread "Cache worker for checksums cache (D:\KULIAH\AKADEMIK\Semerter 5\android-basics-kotlin-lemonade-app-main\android-basics-kotlin-lemonade-app-main\.gradle\checksums)" [_thread_blocked, id=17084, stack(0x00000005c2d00000,0x00000005c2e00000)]
  0x000001967d647000 JavaThread "Cache worker for cache directory md-supplier (C:\Users\Asus\.gradle\caches\6.5\md-supplier)" [_thread_blocked, id=13256, stack(0x00000005c4100000,0x00000005c4200000)]
  0x000001967d644800 JavaThread "Cache worker for cache directory md-rule (C:\Users\Asus\.gradle\caches\6.5\md-rule)" [_thread_blocked, id=31864, stack(0x00000005c4200000,0x00000005c4300000)]
  0x000001967d64b800 JavaThread "Cache worker for execution history cache (C:\Users\Asus\.gradle\caches\6.5\executionHistory)" [_thread_blocked, id=22076, stack(0x00000005c4400000,0x00000005c4500000)]
  0x000001967d648000 JavaThread "Cache worker for file content cache (C:\Users\Asus\.gradle\caches\6.5\fileContent)" [_thread_blocked, id=33156, stack(0x00000005c4500000,0x00000005c4600000)]
  0x000001967d64c000 JavaThread "Cache worker for Build Output Cleanup Cache (D:\KULIAH\AKADEMIK\Semerter 5\android-basics-kotlin-lemonade-app-main\android-basics-kotlin-lemonade-app-main\.gradle\buildOutputCleanup)" [_thread_blocked, id=28152, stack(0x00000005c4600000,0x00000005c4700000)]
  0x000001967d646800 JavaThread "Build operations" [_thread_blocked, id=32740, stack(0x00000005c4700000,0x00000005c4800000)]
  0x000001967d64d000 JavaThread "Build operations Thread 2" [_thread_blocked, id=32832, stack(0x00000005c4800000,0x00000005c4900000)]
  0x000001967d64d800 JavaThread "Build operations Thread 3" [_thread_blocked, id=9068, stack(0x00000005c4900000,0x00000005c4a00000)]
  0x000001967d64e800 JavaThread "Build operations Thread 4" [_thread_blocked, id=33096, stack(0x00000005c4a00000,0x00000005c4b00000)]
  0x000001967d64f800 JavaThread "Build operations Thread 5" [_thread_blocked, id=27616, stack(0x00000005c4b00000,0x00000005c4c00000)]
  0x000001967d649800 JavaThread "Build operations Thread 6" [_thread_blocked, id=8720, stack(0x00000005c4c00000,0x00000005c4d00000)]
  0x000001967d650000 JavaThread "Build operations Thread 7" [_thread_blocked, id=13356, stack(0x00000005c4d00000,0x00000005c4e00000)]
  0x000001967d652800 JavaThread "Build operations Thread 8" [_thread_blocked, id=16008, stack(0x00000005c4e00000,0x00000005c4f00000)]
  0x000001967d651000 JavaThread "Build operations Thread 9" [_thread_blocked, id=33092, stack(0x00000005c4f00000,0x00000005c5000000)]
  0x000001967d652000 JavaThread "Build operations Thread 10" [_thread_blocked, id=1316, stack(0x00000005c5000000,0x00000005c5100000)]
  0x000001967d653800 JavaThread "Build operations Thread 11" [_thread_blocked, id=14156, stack(0x00000005c5100000,0x00000005c5200000)]
  0x000001967ed2f000 JavaThread "Build operations Thread 12" [_thread_blocked, id=31156, stack(0x00000005c5200000,0x00000005c5300000)]
  0x000001967ed30000 JavaThread "jar transforms Thread 24" [_thread_blocked, id=21584, stack(0x00000005c5300000,0x00000005c5400000)]
  0x000001967ed2c800 JavaThread "jar transforms Thread 25" [_thread_blocked, id=31516, stack(0x00000005c5400000,0x00000005c5500000)]
  0x000001967ed2e000 JavaThread "jar transforms Thread 26" [_thread_blocked, id=16288, stack(0x00000005c5500000,0x00000005c5600000)]
  0x000001967ed30800 JavaThread "jar transforms Thread 27" [_thread_blocked, id=10652, stack(0x00000005c5600000,0x00000005c5700000)]
  0x000001967ed2b000 JavaThread "jar transforms Thread 28" [_thread_blocked, id=21436, stack(0x00000005c5700000,0x00000005c5800000)]
  0x000001967ed31800 JavaThread "jar transforms Thread 29" [_thread_blocked, id=26520, stack(0x00000005c5800000,0x00000005c5900000)]
  0x000001967ed2d800 JavaThread "jar transforms Thread 30" [_thread_blocked, id=7272, stack(0x00000005c5900000,0x00000005c5a00000)]
  0x000001967ed2b800 JavaThread "jar transforms Thread 31" [_thread_blocked, id=7844, stack(0x00000005c5a00000,0x00000005c5b00000)]
  0x000001967ed33000 JavaThread "jar transforms Thread 32" [_thread_blocked, id=19352, stack(0x00000005c5b00000,0x00000005c5c00000)]
  0x000001967ed34800 JavaThread "jar transforms Thread 33" [_thread_blocked, id=33744, stack(0x00000005c5c00000,0x00000005c5d00000)]
  0x000001967ed38000 JavaThread "jar transforms Thread 34" [_thread_blocked, id=32548, stack(0x00000005c5d00000,0x00000005c5e00000)]
  0x000001967ed36800 JavaThread "jar transforms Thread 35" [_thread_blocked, id=33640, stack(0x00000005c5e00000,0x00000005c5f00000)]
  0x000001967ed34000 JavaThread "jar transforms Thread 36" [_thread_blocked, id=28196, stack(0x00000005c5f00000,0x00000005c6000000)]
  0x000001967ed35800 JavaThread "jar transforms Thread 37" [_thread_blocked, id=13472, stack(0x00000005c6000000,0x00000005c6100000)]
  0x000001967ed37000 JavaThread "jar transforms Thread 38" [_thread_blocked, id=15444, stack(0x00000005c6100000,0x00000005c6200000)]
  0x000001967ed32000 JavaThread "jar transforms Thread 39" [_thread_blocked, id=15384, stack(0x00000005c6200000,0x00000005c6300000)]
  0x000001967ed39000 JavaThread "jar transforms Thread 40" [_thread_blocked, id=29908, stack(0x00000005c6300000,0x00000005c6400000)]
  0x000001967ed39800 JavaThread "jar transforms Thread 41" [_thread_blocked, id=16532, stack(0x00000005c6400000,0x00000005c6500000)]
  0x000001967f124000 JavaThread "jar transforms Thread 42" [_thread_blocked, id=21340, stack(0x00000005c6500000,0x00000005c6600000)]
  0x000001967f11f000 JavaThread "jar transforms Thread 43" [_thread_blocked, id=31552, stack(0x00000005c6600000,0x00000005c6700000)]
  0x000001967f125800 JavaThread "jar transforms Thread 44" [_thread_blocked, id=29820, stack(0x00000005c6700000,0x00000005c6800000)]
  0x000001967f11f800 JavaThread "jar transforms Thread 45" [_thread_blocked, id=5484, stack(0x00000005c6800000,0x00000005c6900000)]
  0x000001967f124800 JavaThread "jar transforms Thread 46" [_thread_blocked, id=32764, stack(0x00000005c6900000,0x00000005c6a00000)]
  0x000001967f126800 JavaThread "jar transforms Thread 47" [_thread_blocked, id=32780, stack(0x00000005c6a00000,0x00000005c6b00000)]
  0x000001967f120800 JavaThread "jar transforms Thread 48" [_thread_blocked, id=33736, stack(0x00000005c6b00000,0x00000005c6c00000)]
  0x000001967f127000 JavaThread "jar transforms Thread 49" [_thread_blocked, id=30596, stack(0x00000005c6c00000,0x00000005c6d00000)]
  0x000001967f121800 JavaThread "jar transforms Thread 50" [_thread_blocked, id=33020, stack(0x00000005c6d00000,0x00000005c6e00000)]
  0x000001967f128000 JavaThread "jar transforms Thread 51" [_thread_blocked, id=29788, stack(0x00000005c6e00000,0x00000005c6f00000)]
  0x000001967f123000 JavaThread "jar transforms Thread 52" [_thread_blocked, id=26748, stack(0x00000005c6f00000,0x00000005c7000000)]
  0x000001967f122000 JavaThread "jar transforms Thread 53" [_thread_blocked, id=24464, stack(0x00000005c7000000,0x00000005c7100000)]
  0x000001967f12d000 JavaThread "jar transforms Thread 54" [_thread_blocked, id=19568, stack(0x00000005c7100000,0x00000005c7200000)]
  0x000001967f12d800 JavaThread "jar transforms Thread 55" [_thread_blocked, id=20692, stack(0x00000005c7200000,0x00000005c7300000)]
  0x000001967f128800 JavaThread "jar transforms Thread 56" [_thread_blocked, id=31616, stack(0x00000005c7300000,0x00000005c7400000)]
  0x000001967f12c000 JavaThread "jar transforms Thread 57" [_thread_blocked, id=30456, stack(0x00000005c7400000,0x00000005c7500000)]
  0x000001967f129800 JavaThread "jar transforms Thread 58" [_thread_blocked, id=20360, stack(0x00000005c7500000,0x00000005c7600000)]
  0x000001967f12a800 JavaThread "jar transforms Thread 59" [_thread_blocked, id=33036, stack(0x00000005c7600000,0x00000005c7700000)]
  0x000001967f12b000 JavaThread "jar transforms Thread 60" [_thread_blocked, id=33160, stack(0x00000005c7700000,0x00000005c7800000)]
  0x000001960f788800 JavaThread "jar transforms Thread 61" [_thread_blocked, id=29744, stack(0x00000005c7800000,0x00000005c7900000)]
  0x000001960f785800 JavaThread "jar transforms Thread 62" [_thread_blocked, id=22884, stack(0x00000005c7900000,0x00000005c7a00000)]
  0x000001960f783800 JavaThread "jar transforms Thread 63" [_thread_blocked, id=31124, stack(0x00000005c7a00000,0x00000005c7b00000)]
  0x000001960f786000 JavaThread "jar transforms Thread 64" [_thread_blocked, id=31696, stack(0x00000005c7b00000,0x00000005c7c00000)]
  0x000001960f784800 JavaThread "jar transforms Thread 65" [_thread_blocked, id=22180, stack(0x00000005c7c00000,0x00000005c7d00000)]
  0x000001960f787000 JavaThread "jar transforms Thread 66" [_thread_blocked, id=27168, stack(0x00000005c7d00000,0x00000005c7e00000)]
  0x000001960f788000 JavaThread "jar transforms Thread 67" [_thread_blocked, id=20600, stack(0x00000005c7e00000,0x00000005c7f00000)]
  0x000001960f783000 JavaThread "jar transforms Thread 68" [_thread_blocked, id=27584, stack(0x00000005c7f00000,0x00000005c8000000)]
  0x000001960f78d800 JavaThread "jar transforms Thread 69" [_thread_blocked, id=16524, stack(0x00000005c8000000,0x00000005c8100000)]
  0x000001960f78c800 JavaThread "jar transforms Thread 70" [_thread_blocked, id=32904, stack(0x00000005c8100000,0x00000005c8200000)]
  0x000001960f789800 JavaThread "jar transforms Thread 71" [_thread_blocked, id=19056, stack(0x00000005c8200000,0x00000005c8300000)]
  0x000001960f78a800 JavaThread "jar transforms Thread 72" [_thread_blocked, id=25004, stack(0x00000005c8300000,0x00000005c8400000)]
  0x000001960f790000 JavaThread "jar transforms Thread 73" [_thread_blocked, id=948, stack(0x00000005c8400000,0x00000005c8500000)]
  0x000001960f78e800 JavaThread "jar transforms Thread 74" [_thread_blocked, id=29828, stack(0x00000005c8500000,0x00000005c8600000)]
  0x000001960f78f000 JavaThread "jar transforms Thread 75" [_thread_blocked, id=29996, stack(0x00000005c8600000,0x00000005c8700000)]
  0x000001960f78c000 JavaThread "jar transforms Thread 76" [_thread_blocked, id=3408, stack(0x00000005c8700000,0x00000005c8800000)]
  0x000001960f791000 JavaThread "jar transforms Thread 77" [_thread_blocked, id=32588, stack(0x00000005c8800000,0x00000005c8900000)]
  0x000001960f78b000 JavaThread "jar transforms Thread 78" [_thread_blocked, id=32620, stack(0x00000005c8900000,0x00000005c8a00000)]
  0x000001960f791800 JavaThread "jar transforms Thread 79" [_thread_blocked, id=32144, stack(0x00000005c8a00000,0x00000005c8b00000)]
  0x000001967f28d000 JavaThread "jar transforms Thread 80" [_thread_blocked, id=27376, stack(0x00000005c8b00000,0x00000005c8c00000)]
  0x000001967f28e000 JavaThread "jar transforms Thread 81" [_thread_blocked, id=13548, stack(0x00000005c8c00000,0x00000005c8d00000)]
  0x000001967f28c000 JavaThread "jar transforms Thread 82" [_thread_blocked, id=26264, stack(0x00000005c8d00000,0x00000005c8e00000)]
  0x000001967f289800 JavaThread "jar transforms Thread 83" [_thread_blocked, id=612, stack(0x00000005c8e00000,0x00000005c8f00000)]
  0x000001967f28f800 JavaThread "jar transforms Thread 84" [_thread_blocked, id=16932, stack(0x00000005c8f00000,0x00000005c9000000)]
  0x000001967f28e800 JavaThread "jar transforms Thread 85" [_thread_blocked, id=25856, stack(0x00000005c9000000,0x00000005c9100000)]
  0x000001967f28a800 JavaThread "jar transforms Thread 86" [_thread_blocked, id=33324, stack(0x00000005c9100000,0x00000005c9200000)]
  0x000001967f290800 JavaThread "jar transforms Thread 87" [_thread_blocked, id=33548, stack(0x00000005c9200000,0x00000005c9300000)]
  0x000001967f291000 JavaThread "jar transforms Thread 88" [_thread_blocked, id=5488, stack(0x00000005c9300000,0x00000005c9400000)]
  0x000001967f28b800 JavaThread "jar transforms Thread 89" [_thread_blocked, id=32472, stack(0x00000005c9400000,0x00000005c9500000)]
  0x000001967f292000 JavaThread "jar transforms Thread 90" [_thread_blocked, id=19560, stack(0x00000005c9500000,0x00000005c9600000)]
  0x000001967f292800 JavaThread "jar transforms Thread 91" [_thread_blocked, id=32836, stack(0x00000005c9600000,0x00000005c9700000)]
  0x000001967f295000 JavaThread "jar transforms Thread 92" [_thread_blocked, id=3504, stack(0x00000005c9700000,0x00000005c9800000)]
  0x000001967f297800 JavaThread "jar transforms Thread 93" [_thread_blocked, id=15604, stack(0x00000005c9800000,0x00000005c9900000)]
  0x000001967f298800 JavaThread "jar transforms Thread 94" [_thread_blocked, id=18664, stack(0x00000005c9900000,0x00000005c9a00000)]
  0x000001967f293800 JavaThread "jar transforms Thread 95" [_thread_blocked, id=32240, stack(0x00000005c9a00000,0x00000005c9b00000)]
  0x000001967f294800 JavaThread "jar transforms Thread 96" [_thread_blocked, id=28752, stack(0x00000005c9b00000,0x00000005c9c00000)]
  0x000001967f296000 JavaThread "jar transforms Thread 97" [_thread_blocked, id=30800, stack(0x00000005c9c00000,0x00000005c9d00000)]
  0x000001967f297000 JavaThread "jar transforms Thread 98" [_thread_blocked, id=31508, stack(0x00000005c9d00000,0x00000005c9e00000)]
  0x000001960ffa2000 JavaThread "jar transforms Thread 99" [_thread_blocked, id=28364, stack(0x00000005c9e00000,0x00000005c9f00000)]
  0x000001960ffa6000 JavaThread "jar transforms Thread 100" [_thread_blocked, id=33052, stack(0x00000005c9f00000,0x00000005ca000000)]
  0x000001960ffa4800 JavaThread "jar transforms Thread 101" [_thread_blocked, id=17140, stack(0x00000005ca000000,0x00000005ca100000)]
  0x000001960ffa5800 JavaThread "jar transforms Thread 102" [_thread_blocked, id=9076, stack(0x00000005ca100000,0x00000005ca200000)]
  0x000001960ffa3800 JavaThread "jar transforms Thread 103" [_thread_blocked, id=24212, stack(0x00000005ca200000,0x00000005ca300000)]
  0x000001960ffa7000 JavaThread "jar transforms Thread 104" [_thread_blocked, id=28148, stack(0x00000005ca300000,0x00000005ca400000)]
  0x000001960ffa3000 JavaThread "jar transforms Thread 105" [_thread_blocked, id=17572, stack(0x00000005ca400000,0x00000005ca500000)]
  0x000001960ffa1800 JavaThread "jar transforms Thread 106" [_thread_blocked, id=9112, stack(0x00000005ca500000,0x00000005ca600000)]
  0x000001960ffac800 JavaThread "jar transforms Thread 107" [_thread_blocked, id=31100, stack(0x00000005ca600000,0x00000005ca700000)]
  0x000001960ffad800 JavaThread "jar transforms Thread 108" [_thread_blocked, id=28272, stack(0x00000005ca700000,0x00000005ca800000)]
  0x000001960ffa9800 JavaThread "jar transforms Thread 109" [_thread_blocked, id=33180, stack(0x00000005ca800000,0x00000005ca900000)]
  0x000001960ffa8000 JavaThread "jar transforms Thread 110" [_thread_blocked, id=16388, stack(0x00000005ca900000,0x00000005caa00000)]
  0x000001960ffaa000 JavaThread "jar transforms Thread 111" [_thread_blocked, id=29936, stack(0x00000005caa00000,0x00000005cab00000)]
  0x000001960ffab000 JavaThread "jar transforms Thread 112" [_thread_blocked, id=32988, stack(0x00000005cab00000,0x00000005cac00000)]
  0x000001960ffae800 JavaThread "jar transforms Thread 113" [_thread_blocked, id=23396, stack(0x00000005cac00000,0x00000005cad00000)]
  0x000001960ffa8800 JavaThread "jar transforms Thread 114" [_thread_blocked, id=33056, stack(0x00000005cad00000,0x00000005cae00000)]
  0x000001960ffaf000 JavaThread "jar transforms Thread 115" [_thread_blocked, id=24872, stack(0x00000005cae00000,0x00000005caf00000)]

Other Threads:
=>0x0000019679e27800 VMThread "VM Thread" [stack: 0x00000005c0300000,0x00000005c0400000] [id=29444]
  0x000001967a90f800 WatcherThread [stack: 0x00000005c0d00000,0x00000005c0e00000] [id=33300]
  0x000001966e568800 GCTaskThread "GC Thread#0" [stack: 0x00000005bfe00000,0x00000005bff00000] [id=26668]
  0x000001967b02f000 GCTaskThread "GC Thread#1" [stack: 0x00000005c0e00000,0x00000005c0f00000] [id=23352]
  0x000001967b6f6000 GCTaskThread "GC Thread#2" [stack: 0x00000005c0f00000,0x00000005c1000000] [id=32008]
  0x000001967c476800 GCTaskThread "GC Thread#3" [stack: 0x00000005c1c00000,0x00000005c1d00000] [id=2860]
  0x000001967b295800 GCTaskThread "GC Thread#4" [stack: 0x00000005c1d00000,0x00000005c1e00000] [id=18228]
  0x000001967b296800 GCTaskThread "GC Thread#5" [stack: 0x00000005c1e00000,0x00000005c1f00000] [id=18592]
  0x000001967b201000 GCTaskThread "GC Thread#6" [stack: 0x00000005c1f00000,0x00000005c2000000] [id=9364]
  0x000001967b202000 GCTaskThread "GC Thread#7" [stack: 0x00000005c2000000,0x00000005c2100000] [id=32796]
  0x000001967b139000 GCTaskThread "GC Thread#8" [stack: 0x00000005c2100000,0x00000005c2200000] [id=12936]
  0x000001967b139800 GCTaskThread "GC Thread#9" [stack: 0x00000005c2200000,0x00000005c2300000] [id=32996]
  0x000001966e59a800 ConcurrentGCThread "G1 Main Marker" [stack: 0x00000005bff00000,0x00000005c0000000] [id=30248]
  0x000001966e59e800 ConcurrentGCThread "G1 Conc#0" [stack: 0x00000005c0000000,0x00000005c0100000] [id=30920]
  0x000001967aa4e000 ConcurrentGCThread "G1 Conc#1" [stack: 0x00000005c2600000,0x00000005c2700000] [id=10820]
  0x000001967b0d4800 ConcurrentGCThread "G1 Conc#2" [stack: 0x00000005c2700000,0x00000005c2800000] [id=1248]
  0x0000019679c78800 ConcurrentGCThread "G1 Refine#0" [stack: 0x00000005c0100000,0x00000005c0200000] [id=28764]
  0x0000019679c7b800 ConcurrentGCThread "G1 Young RemSet Sampling" [stack: 0x00000005c0200000,0x00000005c0300000] [id=16136]

Threads with active compile tasks:

VM state:at safepoint (normal execution)

VM Mutex/Monitor currently owned by a thread:  ([mutex/lock_event])
[0x000001966e54c470] Threads_lock - owner thread: 0x0000019679e27800
[0x000001966e54d0d0] Heap_lock - owner thread: 0x000001967c433000

Heap address: 0x0000000080000000, size: 2048 MB, Compressed Oops mode: 32-bit
Narrow klass base: 0x0000000000000000, Narrow klass shift: 3
Compressed class space size: 1073741824 Address: 0x0000000100000000

Heap:
 garbage-first heap   total 155648K, used 96064K [0x0000000080000000, 0x0000000100000000)
  region size 1024K, 2 young (2048K), 2 survivors (2048K)
 Metaspace       used 45726K, capacity 47090K, committed 47440K, reserved 1091584K
  class space    used 5865K, capacity 6301K, committed 6400K, reserved 1048576K
Heap Regions: E=young(eden), S=young(survivor), O=old, HS=humongous(starts), HC=humongous(continues), CS=collection set, F=free, A=archive, TAMS=top-at-mark-start (previous, next)
|   0|0x0000000080000000, 0x0000000080100000, 0x0000000080100000|100%|HS|  |TAMS 0x0000000080100000, 0x0000000080000000| Complete 
|   1|0x0000000080100000, 0x0000000080200000, 0x0000000080200000|100%| O|  |TAMS 0x0000000080200000, 0x0000000080100000| Untracked 
|   2|0x0000000080200000, 0x0000000080300000, 0x0000000080300000|100%| O|  |TAMS 0x0000000080300000, 0x0000000080200000| Untracked 
|   3|0x0000000080300000, 0x0000000080400000, 0x0000000080400000|100%|HS|  |TAMS 0x0000000080400000, 0x0000000080300000| Complete 
|   4|0x0000000080400000, 0x0000000080500000, 0x0000000080500000|100%|HC|  |TAMS 0x0000000080500000, 0x0000000080400000| Complete 
|   5|0x0000000080500000, 0x0000000080600000, 0x0000000080600000|100%|HC|  |TAMS 0x0000000080600000, 0x0000000080500000| Complete 
|   6|0x0000000080600000, 0x0000000080700000, 0x0000000080700000|100%| O|  |TAMS 0x0000000080700000, 0x0000000080600000| Untracked 
|   7|0x0000000080700000, 0x0000000080800000, 0x0000000080800000|100%| O|  |TAMS 0x0000000080800000, 0x0000000080700000| Untracked 
|   8|0x0000000080800000, 0x0000000080900000, 0x0000000080900000|100%| O|  |TAMS 0x0000000080900000, 0x0000000080800000| Untracked 
|   9|0x0000000080900000, 0x0000000080a00000, 0x0000000080a00000|100%| O|  |TAMS 0x0000000080a00000, 0x0000000080900000| Untracked 
|  10|0x0000000080a00000, 0x0000000080b00000, 0x0000000080b00000|100%| O|  |TAMS 0x0000000080b00000, 0x0000000080a00000| Untracked 
|  11|0x0000000080b00000, 0x0000000080c00000, 0x0000000080c00000|100%| O|  |TAMS 0x0000000080c00000, 0x0000000080b00000| Untracked 
|  12|0x0000000080c00000, 0x0000000080d00000, 0x0000000080d00000|100%| O|  |TAMS 0x0000000080d00000, 0x0000000080c00000| Untracked 
|  13|0x0000000080d00000, 0x0000000080e00000, 0x0000000080e00000|100%| O|  |TAMS 0x0000000080e00000, 0x0000000080d00000| Untracked 
|  14|0x0000000080e00000, 0x0000000080f00000, 0x0000000080f00000|100%| O|  |TAMS 0x0000000080f00000, 0x0000000080e00000| Untracked 
|  15|0x0000000080f00000, 0x0000000081000000, 0x0000000081000000|100%| O|  |TAMS 0x0000000081000000, 0x0000000080f00000| Untracked 
|  16|0x0000000081000000, 0x0000000081100000, 0x0000000081100000|100%| O|  |TAMS 0x0000000081100000, 0x0000000081000000| Untracked 
|  17|0x0000000081100000, 0x0000000081200000, 0x0000000081200000|100%|HS|  |TAMS 0x0000000081200000, 0x0000000081100000| Complete 
|  18|0x0000000081200000, 0x0000000081300000, 0x0000000081300000|100%|HC|  |TAMS 0x0000000081300000, 0x0000000081200000| Complete 
|  19|0x0000000081300000, 0x0000000081400000, 0x0000000081400000|100%|HS|  |TAMS 0x0000000081400000, 0x0000000081300000| Complete 
|  20|0x0000000081400000, 0x0000000081500000, 0x0000000081500000|100%|HC|  |TAMS 0x0000000081500000, 0x0000000081400000| Complete 
|  21|0x0000000081500000, 0x0000000081600000, 0x0000000081600000|100%|HC|  |TAMS 0x0000000081600000, 0x0000000081500000| Complete 
|  22|0x0000000081600000, 0x0000000081700000, 0x0000000081700000|100%|HS|  |TAMS 0x0000000081700000, 0x0000000081600000| Complete 
|  23|0x0000000081700000, 0x0000000081800000, 0x0000000081800000|100%|HC|  |TAMS 0x0000000081800000, 0x0000000081700000| Complete 
|  24|0x0000000081800000, 0x0000000081900000, 0x0000000081900000|100%|HC|  |TAMS 0x0000000081900000, 0x0000000081800000| Complete 
|  25|0x0000000081900000, 0x0000000081a00000, 0x0000000081a00000|100%|HC|  |TAMS 0x0000000081a00000, 0x0000000081900000| Complete 
|  26|0x0000000081a00000, 0x0000000081b00000, 0x0000000081b00000|100%| O|  |TAMS 0x0000000081b00000, 0x0000000081a00000| Untracked 
|  27|0x0000000081b00000, 0x0000000081c00000, 0x0000000081c00000|100%| O|  |TAMS 0x0000000081c00000, 0x0000000081b00000| Untracked 
|  28|0x0000000081c00000, 0x0000000081d00000, 0x0000000081d00000|100%| O|  |TAMS 0x0000000081d00000, 0x0000000081c00000| Untracked 
|  29|0x0000000081d00000, 0x0000000081e00000, 0x0000000081e00000|100%| O|  |TAMS 0x0000000081e00000, 0x0000000081d00000| Untracked 
|  30|0x0000000081e00000, 0x0000000081f00000, 0x0000000081f00000|100%| O|  |TAMS 0x0000000081f00000, 0x0000000081e00000| Untracked 
|  31|0x0000000081f00000, 0x0000000082000000, 0x0000000082000000|100%| O|  |TAMS 0x0000000082000000, 0x0000000081f00000| Untracked 
|  32|0x0000000082000000, 0x0000000082100000, 0x0000000082100000|100%| O|  |TAMS 0x0000000082100000, 0x0000000082000000| Untracked 
|  33|0x0000000082100000, 0x0000000082200000, 0x0000000082200000|100%| O|  |TAMS 0x0000000082200000, 0x0000000082100000| Untracked 
|  34|0x0000000082200000, 0x0000000082300000, 0x0000000082300000|100%| O|  |TAMS 0x0000000082300000, 0x0000000082200000| Untracked 
|  35|0x0000000082300000, 0x0000000082400000, 0x0000000082400000|100%| O|  |TAMS 0x0000000082400000, 0x0000000082300000| Untracked 
|  36|0x0000000082400000, 0x0000000082500000, 0x0000000082500000|100%| O|  |TAMS 0x0000000082500000, 0x0000000082400000| Untracked 
|  37|0x0000000082500000, 0x0000000082600000, 0x0000000082600000|100%| O|  |TAMS 0x0000000082600000, 0x0000000082500000| Untracked 
|  38|0x0000000082600000, 0x0000000082700000, 0x0000000082700000|100%| O|  |TAMS 0x0000000082600000, 0x0000000082600000| Untracked 
|  39|0x0000000082700000, 0x0000000082800000, 0x0000000082800000|100%| O|  |TAMS 0x0000000082700000, 0x0000000082700000| Untracked 
|  40|0x0000000082800000, 0x0000000082900000, 0x0000000082900000|100%| O|  |TAMS 0x0000000082800000, 0x0000000082800000| Untracked 
|  41|0x0000000082900000, 0x0000000082a00000, 0x0000000082a00000|100%| O|  |TAMS 0x0000000082900000, 0x0000000082900000| Untracked 
|  42|0x0000000082a00000, 0x0000000082b00000, 0x0000000082b00000|100%| O|  |TAMS 0x0000000082b00000, 0x0000000082a00000| Untracked 
|  43|0x0000000082b00000, 0x0000000082c00000, 0x0000000082c00000|100%| O|  |TAMS 0x0000000082c00000, 0x0000000082b00000| Untracked 
|  44|0x0000000082c00000, 0x0000000082d00000, 0x0000000082d00000|100%| O|  |TAMS 0x0000000082d00000, 0x0000000082c00000| Untracked 
|  45|0x0000000082d00000, 0x0000000082e00000, 0x0000000082e00000|100%| O|  |TAMS 0x0000000082e00000, 0x0000000082d00000| Untracked 
|  46|0x0000000082e00000, 0x0000000082f00000, 0x0000000082f00000|100%| O|  |TAMS 0x0000000082f00000, 0x0000000082e00000| Untracked 
|  47|0x0000000082f00000, 0x0000000083000000, 0x0000000083000000|100%| O|  |TAMS 0x0000000082f00000, 0x0000000082f00000| Untracked 
|  48|0x0000000083000000, 0x0000000083100000, 0x0000000083100000|100%| O|  |TAMS 0x0000000083100000, 0x0000000083000000| Untracked 
|  49|0x0000000083100000, 0x0000000083200000, 0x0000000083200000|100%|HS|  |TAMS 0x0000000083200000, 0x0000000083100000| Complete 
|  50|0x0000000083200000, 0x0000000083300000, 0x0000000083300000|100%|HC|  |TAMS 0x0000000083300000, 0x0000000083200000| Complete 
|  51|0x0000000083300000, 0x0000000083400000, 0x0000000083400000|100%|HC|  |TAMS 0x0000000083400000, 0x0000000083300000| Complete 
|  52|0x0000000083400000, 0x0000000083500000, 0x0000000083500000|100%| O|  |TAMS 0x0000000083500000, 0x0000000083400000| Untracked 
|  53|0x0000000083500000, 0x0000000083600000, 0x0000000083600000|100%| O|  |TAMS 0x0000000083600000, 0x0000000083500000| Untracked 
|  54|0x0000000083600000, 0x0000000083700000, 0x0000000083700000|100%| O|  |TAMS 0x0000000083700000, 0x0000000083600000| Untracked 
|  55|0x0000000083700000, 0x0000000083800000, 0x0000000083800000|100%| O|  |TAMS 0x0000000083700000, 0x0000000083700000| Untracked 
|  56|0x0000000083800000, 0x0000000083900000, 0x0000000083900000|100%| O|  |TAMS 0x0000000083900000, 0x0000000083800000| Untracked 
|  57|0x0000000083900000, 0x0000000083a00000, 0x0000000083a00000|100%| O|  |TAMS 0x0000000083a00000, 0x0000000083900000| Untracked 
|  58|0x0000000083a00000, 0x0000000083b00000, 0x0000000083b00000|100%| O|  |TAMS 0x0000000083b00000, 0x0000000083a00000| Untracked 
|  59|0x0000000083b00000, 0x0000000083c00000, 0x0000000083c00000|100%| O|  |TAMS 0x0000000083c00000, 0x0000000083b00000| Untracked 
|  60|0x0000000083c00000, 0x0000000083d00000, 0x0000000083d00000|100%| O|  |TAMS 0x0000000083d00000, 0x0000000083c00000| Untracked 
|  61|0x0000000083d00000, 0x0000000083e00000, 0x0000000083e00000|100%| O|  |TAMS 0x0000000083e00000, 0x0000000083d00000| Untracked 
|  62|0x0000000083e00000, 0x0000000083f00000, 0x0000000083f00000|100%| O|  |TAMS 0x0000000083e00000, 0x0000000083e00000| Untracked 
|  63|0x0000000083f00000, 0x0000000084000000, 0x0000000084000000|100%| O|  |TAMS 0x0000000083f00000, 0x0000000083f00000| Untracked 
|  64|0x0000000084000000, 0x0000000084100000, 0x0000000084100000|100%| O|  |TAMS 0x0000000084000000, 0x0000000084000000| Untracked 
|  65|0x0000000084100000, 0x0000000084200000, 0x0000000084200000|100%| O|  |TAMS 0x0000000084100000, 0x0000000084100000| Untracked 
|  66|0x0000000084200000, 0x0000000084300000, 0x0000000084300000|100%| O|  |TAMS 0x0000000084200000, 0x0000000084200000| Untracked 
|  67|0x0000000084300000, 0x0000000084400000, 0x0000000084400000|100%| O|  |TAMS 0x0000000084300000, 0x0000000084300000| Untracked 
|  68|0x0000000084400000, 0x0000000084500000, 0x0000000084500000|100%| O|  |TAMS 0x0000000084400000, 0x0000000084400000| Untracked 
|  69|0x0000000084500000, 0x0000000084600000, 0x0000000084600000|100%| O|  |TAMS 0x0000000084500000, 0x0000000084500000| Untracked 
|  70|0x0000000084600000, 0x0000000084700000, 0x0000000084700000|100%| O|  |TAMS 0x0000000084600000, 0x0000000084600000| Untracked 
|  71|0x0000000084700000, 0x0000000084800000, 0x0000000084800000|100%| O|  |TAMS 0x0000000084700000, 0x0000000084700000| Untracked 
|  72|0x0000000084800000, 0x0000000084900000, 0x0000000084900000|100%| O|  |TAMS 0x0000000084900000, 0x0000000084800000| Untracked 
|  73|0x0000000084900000, 0x0000000084a00000, 0x0000000084a00000|100%| O|  |TAMS 0x0000000084931800, 0x0000000084900000| Untracked 
|  74|0x0000000084a00000, 0x0000000084b00000, 0x0000000084b00000|100%| O|  |TAMS 0x0000000084a00000, 0x0000000084a00000| Untracked 
|  75|0x0000000084b00000, 0x0000000084c00000, 0x0000000084c00000|100%| O|  |TAMS 0x0000000084b00000, 0x0000000084b00000| Untracked 
|  76|0x0000000084c00000, 0x0000000084d00000, 0x0000000084d00000|100%| O|  |TAMS 0x0000000084c00000, 0x0000000084c00000| Untracked 
|  77|0x0000000084d00000, 0x0000000084e00000, 0x0000000084e00000|100%| O|  |TAMS 0x0000000084d00000, 0x0000000084d00000| Untracked 
|  78|0x0000000084e00000, 0x0000000084f00000, 0x0000000084f00000|100%| O|  |TAMS 0x0000000084e00000, 0x0000000084e00000| Untracked 
|  79|0x0000000084f00000, 0x0000000085000000, 0x0000000085000000|100%| O|  |TAMS 0x0000000084f00000, 0x0000000084f00000| Untracked 
|  80|0x0000000085000000, 0x0000000085100000, 0x0000000085100000|100%| O|  |TAMS 0x0000000085100000, 0x0000000085000000| Untracked 
|  81|0x0000000085100000, 0x0000000085200000, 0x0000000085200000|100%| O|  |TAMS 0x0000000085200000, 0x0000000085100000| Untracked 
|  82|0x0000000085200000, 0x0000000085300000, 0x0000000085300000|100%| O|  |TAMS 0x0000000085300000, 0x0000000085200000| Untracked 
|  83|0x0000000085300000, 0x0000000085400000, 0x0000000085400000|100%| O|  |TAMS 0x0000000085300000, 0x0000000085300000| Untracked 
|  84|0x0000000085400000, 0x0000000085500000, 0x0000000085500000|100%| O|  |TAMS 0x0000000085400000, 0x0000000085400000| Untracked 
|  85|0x0000000085500000, 0x0000000085600000, 0x0000000085600000|100%| O|  |TAMS 0x0000000085500000, 0x0000000085500000| Untracked 
|  86|0x0000000085600000, 0x0000000085700000, 0x0000000085700000|100%| O|  |TAMS 0x0000000085600000, 0x0000000085600000| Untracked 
|  87|0x0000000085700000, 0x0000000085800000, 0x0000000085800000|100%| O|  |TAMS 0x0000000085700000, 0x0000000085700000| Untracked 
|  88|0x0000000085800000, 0x0000000085900000, 0x0000000085900000|100%| O|  |TAMS 0x0000000085800000, 0x0000000085800000| Untracked 
|  89|0x0000000085900000, 0x0000000085a00000, 0x0000000085a00000|100%| O|  |TAMS 0x0000000085900000, 0x0000000085900000| Untracked 
|  90|0x0000000085a00000, 0x0000000085b00000, 0x0000000085b00000|100%| O|  |TAMS 0x0000000085a00000, 0x0000000085a00000| Untracked 
|  91|0x0000000085b00000, 0x0000000085bd0200, 0x0000000085c00000| 81%| O|  |TAMS 0x0000000085b00000, 0x0000000085b00000| Untracked 
|  92|0x0000000085c00000, 0x0000000085c00000, 0x0000000085d00000|  0%| F|  |TAMS 0x0000000085c00000, 0x0000000085c00000| Untracked 
|  93|0x0000000085d00000, 0x0000000085d00000, 0x0000000085e00000|  0%| F|  |TAMS 0x0000000085d00000, 0x0000000085d00000| Untracked 
|  94|0x0000000085e00000, 0x0000000085e00000, 0x0000000085f00000|  0%| F|  |TAMS 0x0000000085e00000, 0x0000000085e00000| Untracked 
|  95|0x0000000085f00000, 0x0000000085f00000, 0x0000000086000000|  0%| F|  |TAMS 0x0000000085f00000, 0x0000000085f00000| Untracked 
|  96|0x0000000086000000, 0x0000000086000000, 0x0000000086100000|  0%| F|  |TAMS 0x0000000086000000, 0x0000000086000000| Untracked 
|  97|0x0000000086100000, 0x0000000086100000, 0x0000000086200000|  0%| F|  |TAMS 0x0000000086100000, 0x0000000086100000| Untracked 
|  98|0x0000000086200000, 0x0000000086200000, 0x0000000086300000|  0%| F|  |TAMS 0x0000000086200000, 0x0000000086200000| Untracked 
|  99|0x0000000086300000, 0x0000000086300000, 0x0000000086400000|  0%| F|  |TAMS 0x0000000086300000, 0x0000000086300000| Untracked 
| 100|0x0000000086400000, 0x0000000086400000, 0x0000000086500000|  0%| F|  |TAMS 0x0000000086400000, 0x0000000086400000| Untracked 
| 101|0x0000000086500000, 0x0000000086500000, 0x0000000086600000|  0%| F|  |TAMS 0x0000000086500000, 0x0000000086500000| Untracked 
| 102|0x0000000086600000, 0x0000000086600000, 0x0000000086700000|  0%| F|  |TAMS 0x0000000086600000, 0x0000000086600000| Untracked 
| 103|0x0000000086700000, 0x0000000086700000, 0x0000000086800000|  0%| F|  |TAMS 0x0000000086700000, 0x0000000086700000| Untracked 
| 104|0x0000000086800000, 0x0000000086800000, 0x0000000086900000|  0%| F|  |TAMS 0x0000000086800000, 0x0000000086800000| Untracked 
| 105|0x0000000086900000, 0x0000000086900000, 0x0000000086a00000|  0%| F|  |TAMS 0x0000000086900000, 0x0000000086900000| Untracked 
| 106|0x0000000086a00000, 0x0000000086a00000, 0x0000000086b00000|  0%| F|  |TAMS 0x0000000086a00000, 0x0000000086a00000| Untracked 
| 107|0x0000000086b00000, 0x0000000086b00000, 0x0000000086c00000|  0%| F|  |TAMS 0x0000000086b00000, 0x0000000086b00000| Untracked 
| 108|0x0000000086c00000, 0x0000000086c00000, 0x0000000086d00000|  0%| F|  |TAMS 0x0000000086c00000, 0x0000000086c00000| Untracked 
| 109|0x0000000086d00000, 0x0000000086d00000, 0x0000000086e00000|  0%| F|  |TAMS 0x0000000086d00000, 0x0000000086d00000| Untracked 
| 110|0x0000000086e00000, 0x0000000086e00000, 0x0000000086f00000|  0%| F|  |TAMS 0x0000000086e00000, 0x0000000086e00000| Untracked 
| 111|0x0000000086f00000, 0x0000000086f00000, 0x0000000087000000|  0%| F|  |TAMS 0x0000000086f00000, 0x0000000086f00000| Untracked 
| 112|0x0000000087000000, 0x0000000087100000, 0x0000000087100000|100%| S|CS|TAMS 0x0000000087000000, 0x0000000087000000| Complete 
| 113|0x0000000087100000, 0x0000000087200000, 0x0000000087200000|100%| S|CS|TAMS 0x0000000087100000, 0x0000000087100000| Complete 
| 114|0x0000000087200000, 0x0000000087200000, 0x0000000087300000|  0%| F|  |TAMS 0x0000000087200000, 0x0000000087200000| Untracked 
| 115|0x0000000087300000, 0x0000000087300000, 0x0000000087400000|  0%| F|  |TAMS 0x0000000087300000, 0x0000000087300000| Untracked 
| 116|0x0000000087400000, 0x0000000087400000, 0x0000000087500000|  0%| F|  |TAMS 0x0000000087400000, 0x0000000087400000| Untracked 
| 117|0x0000000087500000, 0x0000000087500000, 0x0000000087600000|  0%| F|  |TAMS 0x0000000087500000, 0x0000000087500000| Untracked 
| 118|0x0000000087600000, 0x0000000087600000, 0x0000000087700000|  0%| F|  |TAMS 0x0000000087600000, 0x0000000087600000| Untracked 
| 119|0x0000000087700000, 0x0000000087700000, 0x0000000087800000|  0%| F|  |TAMS 0x0000000087700000, 0x0000000087700000| Untracked 
| 120|0x0000000087800000, 0x0000000087800000, 0x0000000087900000|  0%| F|  |TAMS 0x0000000087800000, 0x0000000087800000| Untracked 
| 121|0x0000000087900000, 0x0000000087900000, 0x0000000087a00000|  0%| F|  |TAMS 0x0000000087900000, 0x0000000087900000| Untracked 
| 122|0x0000000087a00000, 0x0000000087a00000, 0x0000000087b00000|  0%| F|  |TAMS 0x0000000087a00000, 0x0000000087a00000| Untracked 
| 123|0x0000000087b00000, 0x0000000087b00000, 0x0000000087c00000|  0%| F|  |TAMS 0x0000000087b00000, 0x0000000087b00000| Untracked 
| 124|0x0000000087c00000, 0x0000000087c00000, 0x0000000087d00000|  0%| F|  |TAMS 0x0000000087c00000, 0x0000000087c00000| Untracked 
| 125|0x0000000087d00000, 0x0000000087d00000, 0x0000000087e00000|  0%| F|  |TAMS 0x0000000087d00000, 0x0000000087d00000| Untracked 

Card table byte_map: [0x00000196729b0000,0x0000019672db0000] _byte_map_base: 0x00000196725b0000

Marking Bits (Prev, Next): (CMBitMap*) 0x000001966e591b38, (CMBitMap*) 0x000001966e591b70
 Prev Bits: [0x00000196731b0000, 0x00000196751b0000)
 Next Bits: [0x00000196751b0000, 0x00000196771b0000)

Polling page: 0x000001966c4d0000

Metaspace:

Usage:
  Non-class:     39.83 MB capacity,    38.93 MB ( 98%) used,   825.09 KB (  2%) free+waste,   103.19 KB ( <1%) overhead. 
      Class:      6.15 MB capacity,     5.73 MB ( 93%) used,   385.61 KB (  6%) free+waste,    50.06 KB ( <1%) overhead. 
       Both:     45.99 MB capacity,    44.65 MB ( 97%) used,     1.18 MB (  3%) free+waste,   153.25 KB ( <1%) overhead. 

Virtual space:
  Non-class space:       42.00 MB reserved,      40.08 MB ( 95%) committed 
      Class space:        1.00 GB reserved,       6.25 MB ( <1%) committed 
             Both:        1.04 GB reserved,      46.33 MB (  4%) committed 

Chunk freelists:
   Non-Class:  123.00 KB
       Class:  35.00 KB
        Both:  158.00 KB

MaxMetaspaceSize: 17179869184.00 GB
CompressedClassSpaceSize: 1.00 GB
Initial GC threshold: 20.80 MB
Current GC threshold: 77.21 MB
CDS: off

CodeHeap 'non-profiled nmethods': size=120000Kb used=2658Kb max_used=2658Kb free=117342Kb
 bounds [0x0000019607ad0000, 0x0000019607d70000, 0x000001960f000000]
CodeHeap 'profiled nmethods': size=120000Kb used=10247Kb max_used=10247Kb free=109752Kb
 bounds [0x00000196005a0000, 0x0000019600fb0000, 0x0000019607ad0000]
CodeHeap 'non-nmethods': size=5760Kb used=2275Kb max_used=2317Kb free=3484Kb
 bounds [0x0000019600000000, 0x0000019600270000, 0x00000196005a0000]
 total_blobs=5676 nmethods=4915 adapters=673
 compilation: enabled
              stopped_count=0, restarted_count=0
 full_count=0

Compilation events (20 events):
Event: 20.546 Thread 0x0000019679e51800 nmethod 4909 0x0000019600fa0610 code [0x0000019600fa07c0, 0x0000019600fa08e8]
Event: 20.546 Thread 0x0000019679e51800 4913       2       java.util.zip.ZipUtils::CENVEM_FA (8 bytes)
Event: 20.547 Thread 0x0000019679e51800 nmethod 4913 0x0000019600fa0990 code [0x0000019600fa0b40, 0x0000019600fa0c58]
Event: 20.547 Thread 0x0000019679e51800 4914       2       java.util.zip.ZipUtils::CH (8 bytes)
Event: 20.547 Thread 0x0000019679e50800 nmethod 4912 0x0000019607d62c10 code [0x0000019607d62da0, 0x0000019607d62e78]
Event: 20.547 Thread 0x0000019679e51800 nmethod 4914 0x0000019600fa0d90 code [0x0000019600fa0f40, 0x0000019600fa1058]
Event: 20.665 Thread 0x0000019679e50800 4916       4       java.lang.String::regionMatches (150 bytes)
Event: 20.673 Thread 0x0000019679e50800 nmethod 4916 0x0000019607d62f90 code [0x0000019607d63160, 0x0000019607d638f8]
Event: 20.673 Thread 0x0000019679e50800 4917       4       java.util.zip.ZipFile$$Lambda$370/0x0000000100627440::apply (12 bytes)
Event: 20.674 Thread 0x0000019679e50800 nmethod 4917 0x0000019607d63f10 code [0x0000019607d640c0, 0x0000019607d642b8]
Event: 20.878 Thread 0x0000019679e50800 4918       4       org.gradle.api.internal.changedetection.state.ZipHasher::isZipFile (43 bytes)
Event: 20.893 Thread 0x0000019679e50800 nmethod 4918 0x0000019607d64410 code [0x0000019607d64620, 0x0000019607d651a8]
Event: 21.447 Thread 0x0000019679e50800 4919       4       java.util.zip.ZipCoder$UTF8::toString (12 bytes)
Event: 21.451 Thread 0x0000019679e50800 nmethod 4919 0x0000019607d65b90 code [0x0000019607d65d60, 0x0000019607d66368]
Event: 21.451 Thread 0x0000019679e50800 4920       4       java.util.zip.ZipFile::getZipEntry (325 bytes)
Event: 21.467 Thread 0x0000019679e50800 nmethod 4920 0x0000019607d66590 code [0x0000019607d667c0, 0x0000019607d679e8]
Event: 21.663 Thread 0x0000019679e50800 4921       4       org.gradle.api.internal.file.archive.JdkZipEntry::isDirectory (8 bytes)
Event: 21.664 Thread 0x0000019679e50800 nmethod 4921 0x0000019607d68410 code [0x0000019607d685a0, 0x0000019607d68698]
Event: 22.355 Thread 0x0000019679e51800 4922       3       javax.management.ObjectName::addProperty (80 bytes)
Event: 22.356 Thread 0x0000019679e51800 nmethod 4922 0x0000019600fa1110 code [0x0000019600fa1340, 0x0000019600fa1aa8]

GC Heap History (20 events):
Event: 21.560 GC heap after
{Heap after GC invocations=26 (full 0):
 garbage-first heap   total 129024K, used 84056K [0x0000000080000000, 0x0000000100000000)
  region size 1024K, 3 young (3072K), 3 survivors (3072K)
 Metaspace       used 45726K, capacity 47090K, committed 47440K, reserved 1091584K
  class space    used 5865K, capacity 6301K, committed 6400K, reserved 1048576K
}
Event: 21.591 GC heap before
{Heap before GC invocations=26 (full 0):
 garbage-first heap   total 129024K, used 87128K [0x0000000080000000, 0x0000000100000000)
  region size 1024K, 6 young (6144K), 3 survivors (3072K)
 Metaspace       used 45726K, capacity 47090K, committed 47440K, reserved 1091584K
  class space    used 5865K, capacity 6301K, committed 6400K, reserved 1048576K
}
Event: 21.594 GC heap after
{Heap after GC invocations=27 (full 0):
 garbage-first heap   total 129024K, used 79664K [0x0000000080000000, 0x0000000100000000)
  region size 1024K, 1 young (1024K), 1 survivors (1024K)
 Metaspace       used 45726K, capacity 47090K, committed 47440K, reserved 1091584K
  class space    used 5865K, capacity 6301K, committed 6400K, reserved 1048576K
}
Event: 21.847 GC heap before
{Heap before GC invocations=27 (full 0):
 garbage-first heap   total 129024K, used 98096K [0x0000000080000000, 0x0000000100000000)
  region size 1024K, 19 young (19456K), 1 survivors (1024K)
 Metaspace       used 45726K, capacity 47090K, committed 47440K, reserved 1091584K
  class space    used 5865K, capacity 6301K, committed 6400K, reserved 1048576K
}
Event: 21.850 GC heap after
{Heap after GC invocations=28 (full 0):
 garbage-first heap   total 129024K, used 86214K [0x0000000080000000, 0x0000000100000000)
  region size 1024K, 3 young (3072K), 3 survivors (3072K)
 Metaspace       used 45726K, capacity 47090K, committed 47440K, reserved 1091584K
  class space    used 5865K, capacity 6301K, committed 6400K, reserved 1048576K
}
Event: 22.030 GC heap before
{Heap before GC invocations=29 (full 0):
 garbage-first heap   total 129024K, used 98502K [0x0000000080000000, 0x0000000100000000)
  region size 1024K, 17 young (17408K), 3 survivors (3072K)
 Metaspace       used 45726K, capacity 47090K, committed 47440K, reserved 1091584K
  class space    used 5865K, capacity 6301K, committed 6400K, reserved 1048576K
}
Event: 22.033 GC heap after
{Heap after GC invocations=30 (full 0):
 garbage-first heap   total 129024K, used 87238K [0x0000000080000000, 0x0000000100000000)
  region size 1024K, 3 young (3072K), 3 survivors (3072K)
 Metaspace       used 45726K, capacity 47090K, committed 47440K, reserved 1091584K
  class space    used 5865K, capacity 6301K, committed 6400K, reserved 1048576K
}
Event: 22.088 GC heap before
{Heap before GC invocations=30 (full 0):
 garbage-first heap   total 129024K, used 90310K [0x0000000080000000, 0x0000000100000000)
  region size 1024K, 6 young (6144K), 3 survivors (3072K)
 Metaspace       used 45726K, capacity 47090K, committed 47440K, reserved 1091584K
  class space    used 5865K, capacity 6301K, committed 6400K, reserved 1048576K
}
Event: 22.090 GC heap after
{Heap after GC invocations=31 (full 0):
 garbage-first heap   total 129024K, used 73853K [0x0000000080000000, 0x0000000100000000)
  region size 1024K, 1 young (1024K), 1 survivors (1024K)
 Metaspace       used 45726K, capacity 47090K, committed 47440K, reserved 1091584K
  class space    used 5865K, capacity 6301K, committed 6400K, reserved 1048576K
}
Event: 22.139 GC heap before
{Heap before GC invocations=31 (full 0):
 garbage-first heap   total 129024K, used 78973K [0x0000000080000000, 0x0000000100000000)
  region size 1024K, 6 young (6144K), 1 survivors (1024K)
 Metaspace       used 45726K, capacity 47090K, committed 47440K, reserved 1091584K
  class space    used 5865K, capacity 6301K, committed 6400K, reserved 1048576K
}
Event: 22.141 GC heap after
{Heap after GC invocations=32 (full 0):
 garbage-first heap   total 129024K, used 69967K [0x0000000080000000, 0x0000000100000000)
  region size 1024K, 1 young (1024K), 1 survivors (1024K)
 Metaspace       used 45726K, capacity 47090K, committed 47440K, reserved 1091584K
  class space    used 5865K, capacity 6301K, committed 6400K, reserved 1048576K
}
Event: 22.434 GC heap before
{Heap before GC invocations=32 (full 0):
 garbage-first heap   total 129024K, used 96591K [0x0000000080000000, 0x0000000100000000)
  region size 1024K, 27 young (27648K), 1 survivors (1024K)
 Metaspace       used 45726K, capacity 47090K, committed 47440K, reserved 1091584K
  class space    used 5865K, capacity 6301K, committed 6400K, reserved 1048576K
}
Event: 22.438 GC heap after
{Heap after GC invocations=33 (full 0):
 garbage-first heap   total 129024K, used 78694K [0x0000000080000000, 0x0000000100000000)
  region size 1024K, 4 young (4096K), 4 survivors (4096K)
 Metaspace       used 45726K, capacity 47090K, committed 47440K, reserved 1091584K
  class space    used 5865K, capacity 6301K, committed 6400K, reserved 1048576K
}
Event: 22.620 GC heap before
{Heap before GC invocations=33 (full 0):
 garbage-first heap   total 129024K, used 98150K [0x0000000080000000, 0x0000000100000000)
  region size 1024K, 23 young (23552K), 4 survivors (4096K)
 Metaspace       used 45726K, capacity 47090K, committed 47440K, reserved 1091584K
  class space    used 5865K, capacity 6301K, committed 6400K, reserved 1048576K
}
Event: 22.623 GC heap after
{Heap after GC invocations=34 (full 0):
 garbage-first heap   total 129024K, used 82509K [0x0000000080000000, 0x0000000100000000)
  region size 1024K, 3 young (3072K), 3 survivors (3072K)
 Metaspace       used 45726K, capacity 47090K, committed 47440K, reserved 1091584K
  class space    used 5865K, capacity 6301K, committed 6400K, reserved 1048576K
}
Event: 22.773 GC heap before
{Heap before GC invocations=34 (full 0):
 garbage-first heap   total 129024K, used 99917K [0x0000000080000000, 0x0000000100000000)
  region size 1024K, 20 young (20480K), 3 survivors (3072K)
 Metaspace       used 45726K, capacity 47090K, committed 47440K, reserved 1091584K
  class space    used 5865K, capacity 6301K, committed 6400K, reserved 1048576K
}
Event: 22.776 GC heap after
{Heap after GC invocations=35 (full 0):
 garbage-first heap   total 129024K, used 87409K [0x0000000080000000, 0x0000000100000000)
  region size 1024K, 3 young (3072K), 3 survivors (3072K)
 Metaspace       used 45726K, capacity 47090K, committed 47440K, reserved 1091584K
  class space    used 5865K, capacity 6301K, committed 6400K, reserved 1048576K
}
Event: 22.893 GC heap before
{Heap before GC invocations=35 (full 0):
 garbage-first heap   total 129024K, used 101745K [0x0000000080000000, 0x0000000100000000)
  region size 1024K, 17 young (17408K), 3 survivors (3072K)
 Metaspace       used 45726K, capacity 47090K, committed 47440K, reserved 1091584K
  class space    used 5865K, capacity 6301K, committed 6400K, reserved 1048576K
}
Event: 22.896 GC heap after
{Heap after GC invocations=36 (full 0):
 garbage-first heap   total 129024K, used 92093K [0x0000000080000000, 0x0000000100000000)
  region size 1024K, 3 young (3072K), 3 survivors (3072K)
 Metaspace       used 45726K, capacity 47090K, committed 47440K, reserved 1091584K
  class space    used 5865K, capacity 6301K, committed 6400K, reserved 1048576K
}
Event: 23.008 GC heap before
{Heap before GC invocations=36 (full 0):
 garbage-first heap   total 129024K, used 103357K [0x0000000080000000, 0x0000000100000000)
  region size 1024K, 15 young (15360K), 3 survivors (3072K)
 Metaspace       used 45726K, capacity 47090K, committed 47440K, reserved 1091584K
  class space    used 5865K, capacity 6301K, committed 6400K, reserved 1048576K
}

Deoptimization events (20 events):
Event: 20.021 Thread 0x000001967c433000 Uncommon trap: trap_request=0xffffff4d fr.pc=0x0000019607d4ee98 relative=0x0000000000000458
Event: 20.021 Thread 0x000001967c433000 Uncommon trap: reason=unstable_if action=reinterpret pc=0x0000019607d4ee98 method=java.lang.StringCoding.newStringUTF8NoRepl([BII)Ljava/lang/String; @ 12 c2
Event: 20.021 Thread 0x000001967c433000 DEOPT PACKING pc=0x0000019607d4ee98 sp=0x00000005c18f9fe0
Event: 20.021 Thread 0x000001967c433000 DEOPT UNPACKING pc=0x000001960004a1af sp=0x00000005c18f9ee0 mode 2
Event: 20.541 Thread 0x000001967c433000 Uncommon trap: trap_request=0xffffff4d fr.pc=0x0000019607d50cc0 relative=0x0000000000001220
Event: 20.541 Thread 0x000001967c433000 Uncommon trap: reason=unstable_if action=reinterpret pc=0x0000019607d50cc0 method=java.lang.StringCoding.newStringUTF8NoRepl([BII)Ljava/lang/String; @ 12 c2
Event: 20.541 Thread 0x000001967c433000 DEOPT PACKING pc=0x0000019607d50cc0 sp=0x00000005c18fa650
Event: 20.541 Thread 0x000001967c433000 DEOPT UNPACKING pc=0x000001960004a1af sp=0x00000005c18fa4a8 mode 2
Event: 20.541 Thread 0x000001967c433000 Uncommon trap: trap_request=0xffffff4d fr.pc=0x0000019607d46244 relative=0x00000000000000a4
Event: 20.541 Thread 0x000001967c433000 Uncommon trap: reason=unstable_if action=reinterpret pc=0x0000019607d46244 method=java.lang.String.startsWith(Ljava/lang/String;I)Z @ 46 c2
Event: 20.541 Thread 0x000001967c433000 DEOPT PACKING pc=0x0000019607d46244 sp=0x00000005c18fa790
Event: 20.541 Thread 0x000001967c433000 DEOPT UNPACKING pc=0x000001960004a1af sp=0x00000005c18fa5c8 mode 2
Event: 20.541 Thread 0x000001967c433000 Uncommon trap: trap_request=0xffffff4d fr.pc=0x0000019607d47b38 relative=0x0000000000000818
Event: 20.541 Thread 0x000001967c433000 Uncommon trap: reason=unstable_if action=reinterpret pc=0x0000019607d47b38 method=java.lang.String.regionMatches(ZILjava/lang/String;II)Z @ 77 c2
Event: 20.541 Thread 0x000001967c433000 DEOPT PACKING pc=0x0000019607d47b38 sp=0x00000005c18fa740
Event: 20.541 Thread 0x000001967c433000 DEOPT UNPACKING pc=0x000001960004a1af sp=0x00000005c18fa5b0 mode 2
Event: 20.541 Thread 0x000001967c433000 Uncommon trap: trap_request=0xffffff4d fr.pc=0x0000019607d237b8 relative=0x00000000000004d8
Event: 20.541 Thread 0x000001967c433000 Uncommon trap: reason=unstable_if action=reinterpret pc=0x0000019607d237b8 method=java.lang.String.regionMatches(ZILjava/lang/String;II)Z @ 77 c2
Event: 20.541 Thread 0x000001967c433000 DEOPT PACKING pc=0x0000019607d237b8 sp=0x00000005c18fa660
Event: 20.541 Thread 0x000001967c433000 DEOPT UNPACKING pc=0x000001960004a1af sp=0x00000005c18fa5d8 mode 2

Classes redefined (0 events):
No events

Internal exceptions (20 events):
Event: 14.457 Thread 0x000001967c433000 Exception <a 'java/lang/ClassNotFoundException'{0x0000000085901320}: org/gradle/api/internal/DefaultDomainObjectCollectionCustomizer> (0x0000000085901320) thrown at [./src/hotspot/share/classfile/systemDictionary.cpp, line 231]
Event: 14.458 Thread 0x000001967c433000 Exception <a 'java/lang/ClassNotFoundException'{0x0000000085940cd8}: org/gradle/api/internal/DefaultNamedDomainObjectCollectionCustomizer> (0x0000000085940cd8) thrown at [./src/hotspot/share/classfile/systemDictionary.cpp, line 231]
Event: 14.460 Thread 0x000001967c433000 Exception <a 'java/lang/ClassNotFoundException'{0x000000008598e5a8}: org/gradle/api/internal/DefaultNamedDomainObjectListCustomizer> (0x000000008598e5a8) thrown at [./src/hotspot/share/classfile/systemDictionary.cpp, line 231]
Event: 14.462 Thread 0x000001967c433000 Exception <a 'java/lang/ClassNotFoundException'{0x00000000859d6e80}: org/gradle/api/internal/artifacts/DefaultArtifactRepositoryContainerCustomizer> (0x00000000859d6e80) thrown at [./src/hotspot/share/classfile/systemDictionary.cpp, line 231]
Event: 14.463 Thread 0x000001967c433000 Exception <a 'java/lang/ClassNotFoundException'{0x0000000085815098}: org/gradle/api/internal/artifacts/dsl/DefaultRepositoryHandlerCustomizer> (0x0000000085815098) thrown at [./src/hotspot/share/classfile/systemDictionary.cpp, line 231]
Event: 14.464 Thread 0x000001967c433000 Exception <a 'java/lang/ClassNotFoundException'{0x00000000858644c8}: org/gradle/api/internal/artifacts/dsl/DefaultRepositoryHandler_DecoratedCustomizer> (0x00000000858644c8) thrown at [./src/hotspot/share/classfile/systemDictionary.cpp, line 231]
Event: 14.488 Thread 0x000001967c433000 Exception <a 'java/lang/NoSuchMethodError'{0x00000000855cec50}: 'int java.lang.invoke.DirectMethodHandle$Holder.invokeStaticInit(java.lang.Object, java.lang.Object, java.lang.Object, java.lang.Object)'> (0x00000000855cec50) thrown at [./src/hotspot/share/interpreter/linkResolver.cpp, line 773]
Event: 14.500 Thread 0x000001967c433000 Exception <a 'java/lang/ClassNotFoundException'{0x000000008535c780}: groovy/lang/GString$1BeanInfo> (0x000000008535c780) thrown at [./src/hotspot/share/classfile/systemDictionary.cpp, line 231]
Event: 14.501 Thread 0x000001967c433000 Exception <a 'java/lang/ClassNotFoundException'{0x00000000853764c8}: groovy/lang/GStringBeanInfo> (0x00000000853764c8) thrown at [./src/hotspot/share/classfile/systemDictionary.cpp, line 231]
Event: 14.501 Thread 0x000001967c433000 Exception <a 'java/lang/ClassNotFoundException'{0x0000000085390450}: groovy/lang/GStringCustomizer> (0x0000000085390450) thrown at [./src/hotspot/share/classfile/systemDictionary.cpp, line 231]
Event: 14.502 Thread 0x000001967c433000 Exception <a 'java/lang/ClassNotFoundException'{0x00000000853b40b0}: groovy/lang/GString$1Customizer> (0x00000000853b40b0) thrown at [./src/hotspot/share/classfile/systemDictionary.cpp, line 231]
Event: 14.504 Thread 0x000001967c433000 Exception <a 'java/lang/ClassNotFoundException'{0x0000000085244190}: org/codehaus/groovy/runtime/GStringImplBeanInfo> (0x0000000085244190) thrown at [./src/hotspot/share/classfile/systemDictionary.cpp, line 231]
Event: 14.505 Thread 0x000001967c433000 Exception <a 'java/lang/ClassNotFoundException'{0x0000000085261040}: org/codehaus/groovy/runtime/GStringImplCustomizer> (0x0000000085261040) thrown at [./src/hotspot/share/classfile/systemDictionary.cpp, line 231]
Event: 14.568 Thread 0x000001967c433000 Exception <a 'java/lang/NoSuchMethodError'{0x0000000084b82158}: 'java.lang.Object java.lang.invoke.DirectMethodHandle$Holder.invokeStatic(java.lang.Object, java.lang.Object, java.lang.Object, int)'> (0x0000000084b82158) thrown at [./src/hotspot/share/interpreter/linkResolver.cpp, line 773]
Event: 14.568 Thread 0x000001967c433000 Exception <a 'java/lang/NoSuchMethodError'{0x0000000084b86770}: 'java.lang.Object java.lang.invoke.DirectMethodHandle$Holder.invokeSpecial(java.lang.Object, java.lang.Object, java.lang.Object, java.lang.Object, int)'> (0x0000000084b86770) thrown at [./src/hotspot/share/interpreter/linkResolver.cpp, line 773]
Event: 14.568 Thread 0x000001967c433000 Exception <a 'java/lang/NoSuchMethodError'{0x0000000084b8a6a8}: 'java.lang.Object java.lang.invoke.Invokers$Holder.linkToTargetMethod(java.lang.Object, java.lang.Object, int, java.lang.Object)'> (0x0000000084b8a6a8) thrown at [./src/hotspot/share/interpreter/linkResolver.cpp, line 773]
Event: 14.909 Thread 0x000001967c433000 Exception <a 'java/lang/NoSuchMethodError'{0x00000000876553e0}: 'void java.lang.invoke.DirectMethodHandle$Holder.invokeStatic(java.lang.Object, java.lang.Object, java.lang.Object, int, java.lang.Object)'> (0x00000000876553e0) thrown at [./src/hotspot/share/interpreter/linkResolver.cpp, line 773]
Event: 15.842 Thread 0x000001967c433000 Implicit null exception at 0x0000019607d28b9b to 0x0000019607d2935c
Event: 15.842 Thread 0x000001967c433000 Implicit null exception at 0x0000019607d29ba0 to 0x0000019607d2a314
Event: 17.216 Thread 0x000001967c433000 Implicit null exception at 0x0000019607d524ab to 0x0000019607d52977

Events (20 events):
Event: 21.850 Executing VM operation: G1CollectForAllocation done
Event: 21.867 Executing VM operation: CGC_Operation
Event: 21.872 Executing VM operation: CGC_Operation done
Event: 21.880 Executing VM operation: CGC_Operation
Event: 21.880 Executing VM operation: CGC_Operation done
Event: 22.030 Executing VM operation: G1CollectForAllocation
Event: 22.033 Executing VM operation: G1CollectForAllocation done
Event: 22.088 Executing VM operation: G1CollectForAllocation
Event: 22.090 Executing VM operation: G1CollectForAllocation done
Event: 22.139 Executing VM operation: G1CollectForAllocation
Event: 22.141 Executing VM operation: G1CollectForAllocation done
Event: 22.434 Executing VM operation: G1CollectForAllocation
Event: 22.438 Executing VM operation: G1CollectForAllocation done
Event: 22.620 Executing VM operation: G1CollectForAllocation
Event: 22.623 Executing VM operation: G1CollectForAllocation done
Event: 22.773 Executing VM operation: G1CollectForAllocation
Event: 22.776 Executing VM operation: G1CollectForAllocation done
Event: 22.893 Executing VM operation: G1CollectForAllocation
Event: 22.896 Executing VM operation: G1CollectForAllocation done
Event: 23.007 Executing VM operation: G1CollectForAllocation


Dynamic libraries:
0x00007ff7a85f0000 - 0x00007ff7a85fa000 	C:\Program Files\Android\Android Studio2\jre\bin\java.exe
0x00007ffe86f00000 - 0x00007ffe87109000 	C:\WINDOWS\SYSTEM32\ntdll.dll
0x00007ffe861b0000 - 0x00007ffe8626d000 	C:\WINDOWS\System32\KERNEL32.DLL
0x00007ffe84500000 - 0x00007ffe8487d000 	C:\WINDOWS\System32\KERNELBASE.dll
0x00007ffe843e0000 - 0x00007ffe844f1000 	C:\WINDOWS\System32\ucrtbase.dll
0x00007ffe73160000 - 0x00007ffe73179000 	C:\Program Files\Android\Android Studio2\jre\bin\jli.dll
0x00007ffe72fd0000 - 0x00007ffe72fe7000 	C:\Program Files\Android\Android Studio2\jre\bin\VCRUNTIME140.dll
0x00007ffe84f30000 - 0x00007ffe850dd000 	C:\WINDOWS\System32\USER32.dll
0x00007ffe6db40000 - 0x00007ffe6dde5000 	C:\WINDOWS\WinSxS\amd64_microsoft.windows.common-controls_6595b64144ccf1df_6.0.22000.120_none_9d947278b86cc467\COMCTL32.dll
0x00007ffe849b0000 - 0x00007ffe849d6000 	C:\WINDOWS\System32\win32u.dll
0x00007ffe84d90000 - 0x00007ffe84e33000 	C:\WINDOWS\System32\msvcrt.dll
0x00007ffe855d0000 - 0x00007ffe855f9000 	C:\WINDOWS\System32\GDI32.dll
0x00007ffe84b00000 - 0x00007ffe84c18000 	C:\WINDOWS\System32\gdi32full.dll
0x00007ffe84a60000 - 0x00007ffe84afd000 	C:\WINDOWS\System32\msvcp_win.dll
0x00007ffe84ee0000 - 0x00007ffe84f11000 	C:\WINDOWS\System32\IMM32.DLL
0x00007ffe48400000 - 0x00007ffe4849d000 	C:\Program Files\Android\Android Studio2\jre\bin\msvcp140.dll
0x00007ffe3b660000 - 0x00007ffe3c145000 	C:\Program Files\Android\Android Studio2\jre\bin\server\jvm.dll
0x00007ffe86610000 - 0x00007ffe866be000 	C:\WINDOWS\System32\ADVAPI32.dll
0x00007ffe85fc0000 - 0x00007ffe8605e000 	C:\WINDOWS\System32\sechost.dll
0x00007ffe866c0000 - 0x00007ffe867e0000 	C:\WINDOWS\System32\RPCRT4.dll
0x00007ffe86e40000 - 0x00007ffe86e48000 	C:\WINDOWS\System32\PSAPI.DLL
0x00007ffe6b1e0000 - 0x00007ffe6b1e9000 	C:\WINDOWS\SYSTEM32\WSOCK32.dll
0x00007ffe7daa0000 - 0x00007ffe7dad3000 	C:\WINDOWS\SYSTEM32\WINMM.dll
0x00007ffe7efa0000 - 0x00007ffe7efaa000 	C:\WINDOWS\SYSTEM32\VERSION.dll
0x00007ffe86dd0000 - 0x00007ffe86e3f000 	C:\WINDOWS\System32\WS2_32.dll
0x00007ffe835d0000 - 0x00007ffe835e8000 	C:\WINDOWS\SYSTEM32\kernel.appcore.dll
0x00007ffe7db00000 - 0x00007ffe7db11000 	C:\Program Files\Android\Android Studio2\jre\bin\verify.dll
0x00007ffe819b0000 - 0x00007ffe81bd1000 	C:\WINDOWS\SYSTEM32\DBGHELP.DLL
0x00007ffe6b200000 - 0x00007ffe6b231000 	C:\WINDOWS\SYSTEM32\dbgcore.DLL
0x00007ffe849e0000 - 0x00007ffe84a5f000 	C:\WINDOWS\System32\bcryptPrimitives.dll
0x00007ffe749d0000 - 0x00007ffe749f9000 	C:\Program Files\Android\Android Studio2\jre\bin\java.dll
0x00007ffe81340000 - 0x00007ffe8134b000 	C:\Program Files\Android\Android Studio2\jre\bin\jimage.dll
0x00007ffe74310000 - 0x00007ffe74328000 	C:\Program Files\Android\Android Studio2\jre\bin\zip.dll
0x00007ffe85740000 - 0x00007ffe85ef8000 	C:\WINDOWS\System32\SHELL32.dll
0x00007ffe82560000 - 0x00007ffe82dc8000 	C:\WINDOWS\SYSTEM32\windows.storage.dll
0x00007ffe86270000 - 0x00007ffe865e9000 	C:\WINDOWS\System32\combase.dll
0x00007ffe823f0000 - 0x00007ffe82556000 	C:\WINDOWS\SYSTEM32\wintypes.dll
0x00007ffe867e0000 - 0x00007ffe868ca000 	C:\WINDOWS\System32\SHCORE.dll
0x00007ffe850e0000 - 0x00007ffe8513d000 	C:\WINDOWS\System32\shlwapi.dll
0x00007ffe84310000 - 0x00007ffe84331000 	C:\WINDOWS\SYSTEM32\profapi.dll
0x00007ffe742f0000 - 0x00007ffe7430a000 	C:\Program Files\Android\Android Studio2\jre\bin\net.dll
0x00007ffe7ee90000 - 0x00007ffe7ef9c000 	C:\WINDOWS\SYSTEM32\WINHTTP.dll
0x00007ffe83a00000 - 0x00007ffe83a67000 	C:\WINDOWS\system32\mswsock.dll
0x00007ffe740f0000 - 0x00007ffe74104000 	C:\Program Files\Android\Android Studio2\jre\bin\nio.dll
0x00007ffe45620000 - 0x00007ffe45647000 	C:\Users\Asus\.gradle\native\f6784746aeab05261644944871eae4fe03e0ef1612fff0a4a95f87b438bc6780\windows-amd64\native-platform.dll
0x00007ffe801d0000 - 0x00007ffe801da000 	C:\Program Files\Android\Android Studio2\jre\bin\management.dll
0x00007ffe74a90000 - 0x00007ffe74a9d000 	C:\Program Files\Android\Android Studio2\jre\bin\management_ext.dll
0x00007ffe83c40000 - 0x00007ffe83c58000 	C:\WINDOWS\SYSTEM32\CRYPTSP.dll
0x00007ffe83530000 - 0x00007ffe83565000 	C:\WINDOWS\system32\rsaenh.dll
0x00007ffe83af0000 - 0x00007ffe83b19000 	C:\WINDOWS\SYSTEM32\USERENV.dll
0x00007ffe83dc0000 - 0x00007ffe83de7000 	C:\WINDOWS\SYSTEM32\bcrypt.dll
0x00007ffe83c60000 - 0x00007ffe83c6c000 	C:\WINDOWS\SYSTEM32\CRYPTBASE.dll
0x00007ffe83100000 - 0x00007ffe8312d000 	C:\WINDOWS\SYSTEM32\IPHLPAPI.DLL
0x00007ffe85f00000 - 0x00007ffe85f09000 	C:\WINDOWS\System32\NSI.dll
0x00007ffe7ee60000 - 0x00007ffe7ee79000 	C:\WINDOWS\SYSTEM32\dhcpcsvc6.DLL
0x00007ffe7f0d0000 - 0x00007ffe7f0ee000 	C:\WINDOWS\SYSTEM32\dhcpcsvc.DLL
0x00007ffe83130000 - 0x00007ffe83218000 	C:\WINDOWS\SYSTEM32\DNSAPI.dll
0x00007ffe7ec40000 - 0x00007ffe7ec4c000 	C:\WINDOWS\SYSTEM32\WINNSI.DLL

dbghelp: loaded successfully - version: 4.0.5 - missing functions: none
symbol engine: initialized successfully - sym options: 0x614 - pdb path: .;C:\Program Files\Android\Android Studio2\jre\bin;C:\WINDOWS\SYSTEM32;C:\WINDOWS\WinSxS\amd64_microsoft.windows.common-controls_6595b64144ccf1df_6.0.22000.120_none_9d947278b86cc467;C:\Program Files\Android\Android Studio2\jre\bin\server;C:\Users\Asus\.gradle\native\f6784746aeab05261644944871eae4fe03e0ef1612fff0a4a95f87b438bc6780\windows-amd64

VM Arguments:
jvm_args: --add-opens=java.base/java.util=ALL-UNNAMED --add-opens=java.base/java.lang=ALL-UNNAMED --add-opens=java.base/java.lang.invoke=ALL-UNNAMED --add-opens=java.prefs/java.util.prefs=ALL-UNNAMED -Xmx2048m -Dfile.encoding=UTF-8 -Duser.country=ID -Duser.language=en -Duser.variant 
java_command: org.gradle.launcher.daemon.bootstrap.GradleDaemon 6.5
java_class_path (initial): C:\Users\Asus\.gradle\wrapper\dists\gradle-6.5-bin\6nifqtx7604sqp1q6g8wikw7p\gradle-6.5\lib\gradle-launcher-6.5.jar
Launcher Type: SUN_STANDARD

[Global flags]
     intx CICompilerCount                          = 4                                         {product} {ergonomic}
     uint ConcGCThreads                            = 3                                         {product} {ergonomic}
     uint G1ConcRefinementThreads                  = 10                                        {product} {ergonomic}
   size_t G1HeapRegionSize                         = 1048576                                   {product} {ergonomic}
    uintx GCDrainStackTargetSize                   = 64                                        {product} {ergonomic}
   size_t InitialHeapSize                          = 132120576                                 {product} {ergonomic}
   size_t MarkStackSize                            = 4194304                                   {product} {ergonomic}
   size_t MaxHeapSize                              = 2147483648                                {product} {command line}
   size_t MaxNewSize                               = 1287651328                                {product} {ergonomic}
   size_t MinHeapDeltaBytes                        = 1048576                                   {product} {ergonomic}
    uintx NonNMethodCodeHeapSize                   = 5836300                                {pd product} {ergonomic}
    uintx NonProfiledCodeHeapSize                  = 122910970                              {pd product} {ergonomic}
    uintx ProfiledCodeHeapSize                     = 122910970                              {pd product} {ergonomic}
    uintx ReservedCodeCacheSize                    = 251658240                              {pd product} {ergonomic}
     bool SegmentedCodeCache                       = true                                      {product} {ergonomic}
     bool UseCompressedClassPointers               = true                                 {lp64_product} {ergonomic}
     bool UseCompressedOops                        = true                                 {lp64_product} {ergonomic}
     bool UseG1GC                                  = true                                      {product} {ergonomic}
     bool UseLargePagesIndividualAllocation        = false                                  {pd product} {ergonomic}

Logging:
Log output configuration:
 #0: stdout all=warning uptime,level,tags
 #1: stderr all=off uptime,level,tags

Environment Variables:
PATH=C:\Program Files (x86)\Common Files\Oracle\Java\javapath;C:\Windows\system32;C:\Windows;C:\Windows\System32\Wbem;C:\Windows\System32\WindowsPowerShell\v1.0\;C:\Windows\System32\OpenSSH\;C:\Program Files (x86)\NVIDIA Corporation\PhysX\Common;C:\Program Files\NVIDIA Corporation\NVIDIA NvDLISR;C:\WINDOWS\system32;C:\WINDOWS;C:\WINDOWS\System32\Wbem;C:\WINDOWS\System32\WindowsPowerShell\v1.0\;C:\WINDOWS\System32\OpenSSH\;C:\Program Files (x86)\dotnet\;C:\xampp\php;C:\ProgramData\ComposerSetup\bin;C:\Program Files\Git\cmd;C:\Program Files\dotnet\;C:\Python\Scripts\;C:\Python\;";C:\Program Files\Java";E:\Users\Asus\AppData\Local\Programs\Microsoft VS Code\bin;C:\Users\Asus\AppData\Local\Microsoft\WindowsApps;C:\xampp\php;C:\Users\Asus\AppData\Roaming\Composer\vendor\bin;C:\Users\Asus\AppData\Local\GitHubDesktop\bin
USERNAME=Asus
OS=Windows_NT
PROCESSOR_IDENTIFIER=Intel64 Family 6 Model 165 Stepping 2, GenuineIntel



---------------  S Y S T E M  ---------------

OS: Windows 10 , 64 bit Build 22000 (10.0.22000.708)
OS uptime: 4 days 15:22 hours

CPU:total 12 (initial active 12) (6 cores per cpu, 2 threads per core) family 6 model 165 stepping 2 microcode 0xe0, cmov, cx8, fxsr, mmx, sse, sse2, sse3, ssse3, sse4.1, sse4.2, popcnt, avx, avx2, aes, clmul, erms, 3dnowpref, lzcnt, ht, tsc, tscinvbit, bmi1, bmi2, adx, fma

Memory: 4k page, system-wide physical 8028M (513M free)
TotalPageFile size 32604M (AvailPageFile size 19M)
current process WorkingSet (physical memory assigned to process): 354M, peak: 354M
current process commit charge ("private bytes"): 465M, peak: 491M

vm_info: OpenJDK 64-Bit Server VM (11.0.12+7-b1504.28-7817840) for windows-amd64 JRE (11.0.12+7-b1504.28-7817840), built on Oct 13 2021 22:12:33 by "builder" with MS VC++ 14.0 (VS2015)

END.
