#
# There is insufficient memory for the Java Runtime Environment to continue.
# Native memory allocation (malloc) failed to allocate 2121456 bytes for Chunk::new
# Possible reasons:
#   The system is out of physical RAM or swap space
#   The process is running with CompressedOops enabled, and the Java Heap may be blocking the growth of the native heap
# Possible solutions:
#   Reduce memory load on the system
#   Increase physical memory or swap space
#   Check if swap backing store is full
#   Decrease Java heap size (-Xmx/-Xms)
#   Decrease number of Java threads
#   Decrease Java thread stack sizes (-Xss)
#   Set larger code cache with -XX:ReservedCodeCacheSize=
#   JVM is running with Unscaled Compressed Oops mode in which the Java heap is
#     placed in the first 4GB address space. The Java Heap base address is the
#     maximum limit for the native heap growth. Please use -XX:HeapBaseMinAddress
#     to set the Java Heap base and to place the Java Heap above 4GB virtual address.
# This output file may be truncated or incomplete.
#
#  Out of Memory Error (./src/hotspot/share/memory/arena.cpp:197), pid=32500, tid=8932
#
# JRE version: OpenJDK Runtime Environment (11.0.12+7) (build 11.0.12+7-b1504.28-7817840)
# Java VM: OpenJDK 64-Bit Server VM (11.0.12+7-b1504.28-7817840, mixed mode, tiered, compressed oops, g1 gc, windows-amd64)
# No core dump will be written. Minidumps are not enabled by default on client versions of Windows
#

---------------  S U M M A R Y ------------

Command Line: --add-opens=java.base/java.util=ALL-UNNAMED --add-opens=java.base/java.lang=ALL-UNNAMED --add-opens=java.base/java.lang.invoke=ALL-UNNAMED --add-opens=java.prefs/java.util.prefs=ALL-UNNAMED -Xmx2048m -Dfile.encoding=UTF-8 -Duser.country=ID -Duser.language=en -Duser.variant org.gradle.launcher.daemon.bootstrap.GradleDaemon 6.5

Host: Intel(R) Core(TM) i7-10750H CPU @ 2.60GHz, 12 cores, 7G,  Windows 10 , 64 bit Build 22000 (10.0.22000.708)
Time: Thu Sep  8 10:11:21 2022 SE Asia Standard Time elapsed time: 251.800129 seconds (0d 0h 4m 11s)

---------------  T H R E A D  ---------------

Current thread (0x0000028a9e83c800):  JavaThread "C2 CompilerThread1" daemon [_thread_in_native, id=8932, stack(0x000000dc80a00000,0x000000dc80b00000)]


Current CompileTask:
C2: 251800 6750       4       org.codehaus.groovy.runtime.metaclass.MetaMethodIndex::isMatchingMethod (65 bytes)

Stack: [0x000000dc80a00000,0x000000dc80b00000]
Native frames: (J=compiled Java code, j=interpreted, Vv=VM code, C=native code)
V  [jvm.dll+0x5fbcea]
V  [jvm.dll+0x731905]
V  [jvm.dll+0x732f1d]
V  [jvm.dll+0x7335d3]
V  [jvm.dll+0x247bf8]
V  [jvm.dll+0xc018c]
V  [jvm.dll+0xc06cc]
V  [jvm.dll+0x35b31d]
V  [jvm.dll+0x328803]
V  [jvm.dll+0x327cfa]
V  [jvm.dll+0x200602]
V  [jvm.dll+0x1ff794]
V  [jvm.dll+0x18868c]
V  [jvm.dll+0x20e0d7]
V  [jvm.dll+0x20c901]
V  [jvm.dll+0x6f9b7f]
V  [jvm.dll+0x6f26a5]
V  [jvm.dll+0x5fabf6]
C  [ucrtbase.dll+0x26c0c]
C  [KERNEL32.DLL+0x154e0]
C  [ntdll.dll+0x485b]


---------------  P R O C E S S  ---------------

Threads class SMR info:
_java_thread_list=0x0000028a98667de0, length=42, elements={
0x0000028af9062000, 0x0000028a9393d800, 0x0000028a93948800, 0x0000028a942b4800,
0x0000028a942b7000, 0x0000028a942b8000, 0x0000028a942c2000, 0x0000028a9395f000,
0x0000028a93961000, 0x0000028a9442a000, 0x0000028a958e4800, 0x0000028a95730800,
0x0000028a95281000, 0x0000028a96194000, 0x0000028a96197800, 0x0000028a96193000,
0x0000028a96c32800, 0x0000028a96c2f800, 0x0000028a96c36000, 0x0000028a96c34000,
0x0000028a96c30000, 0x0000028a96c33800, 0x0000028a96c35000, 0x0000028a96c31000,
0x0000028a96c3d000, 0x0000028a96c3a000, 0x0000028a96c37800, 0x0000028a96c3e000,
0x0000028a9e83c800, 0x0000028a96c3a800, 0x0000028a96c3c800, 0x0000028a96c38800,
0x0000028a96c39000, 0x0000028a96c3b800, 0x0000028a96195000, 0x0000028a96195800,
0x0000028a96196800, 0x0000028a96191800, 0x0000028a96198000, 0x0000028a96192800,
0x0000028a95f4a800, 0x0000028a95f4d800
}

Java Threads: ( => current thread )
  0x0000028af9062000 JavaThread "main" [_thread_blocked, id=33144, stack(0x000000dcf6d00000,0x000000dcf6e00000)]
  0x0000028a9393d800 JavaThread "Reference Handler" daemon [_thread_blocked, id=26152, stack(0x000000dcf7400000,0x000000dcf7500000)]
  0x0000028a93948800 JavaThread "Finalizer" daemon [_thread_blocked, id=17752, stack(0x000000dcf7500000,0x000000dcf7600000)]
  0x0000028a942b4800 JavaThread "Signal Dispatcher" daemon [_thread_blocked, id=25236, stack(0x000000dcf7600000,0x000000dcf7700000)]
  0x0000028a942b7000 JavaThread "Attach Listener" daemon [_thread_blocked, id=33488, stack(0x000000dcf7700000,0x000000dcf7800000)]
  0x0000028a942b8000 JavaThread "Service Thread" daemon [_thread_blocked, id=28068, stack(0x000000dcf7800000,0x000000dcf7900000)]
  0x0000028a942c2000 JavaThread "C2 CompilerThread0" daemon [_thread_blocked, id=9428, stack(0x000000dcf7900000,0x000000dcf7a00000)]
  0x0000028a9395f000 JavaThread "C1 CompilerThread0" daemon [_thread_blocked, id=31816, stack(0x000000dcf7a00000,0x000000dcf7b00000)]
  0x0000028a93961000 JavaThread "Sweeper thread" daemon [_thread_blocked, id=16264, stack(0x000000dcf7b00000,0x000000dcf7c00000)]
  0x0000028a9442a000 JavaThread "Common-Cleaner" daemon [_thread_blocked, id=32328, stack(0x000000dcf7c00000,0x000000dcf7d00000)]
  0x0000028a958e4800 JavaThread "Daemon health stats" [_thread_blocked, id=33220, stack(0x000000dcf8000000,0x000000dcf8100000)]
  0x0000028a95730800 JavaThread "Incoming local TCP Connector on port 59845" [_thread_in_native, id=33464, stack(0x000000dcf8300000,0x000000dcf8400000)]
  0x0000028a95281000 JavaThread "Daemon periodic checks" [_thread_blocked, id=10832, stack(0x000000dcf8400000,0x000000dcf8500000)]
  0x0000028a96194000 JavaThread "Cache worker for journal cache (C:\Users\Asus\.gradle\caches\journal-1)" [_thread_blocked, id=33200, stack(0x000000dcf8c00000,0x000000dcf8d00000)]
  0x0000028a96197800 JavaThread "File lock request listener" [_thread_in_native, id=32592, stack(0x000000dcf9400000,0x000000dcf9500000)]
  0x0000028a96193000 JavaThread "Cache worker for file hash cache (C:\Users\Asus\.gradle\caches\6.5\fileHashes)" [_thread_blocked, id=12480, stack(0x000000dcf9500000,0x000000dcf9600000)]
  0x0000028a96c32800 JavaThread "Cache worker for execution history cache (C:\Users\Asus\.gradle\caches\6.5\executionHistory)" [_thread_blocked, id=22236, stack(0x000000dcfb300000,0x000000dcfb400000)]
  0x0000028a96c2f800 JavaThread "Cache worker for file content cache (C:\Users\Asus\.gradle\caches\6.5\fileContent)" [_thread_blocked, id=17924, stack(0x000000dcfb400000,0x000000dcfb500000)]
  0x0000028a96c36000 JavaThread "Daemon Thread 2" [_thread_blocked, id=19892, stack(0x000000dc80000000,0x000000dc80100000)]
  0x0000028a96c34000 JavaThread "Handler for socket connection from /127.0.0.1:59845 to /127.0.0.1:59969" [_thread_in_native, id=24892, stack(0x000000dc80100000,0x000000dc80200000)]
  0x0000028a96c30000 JavaThread "Cancel handler" [_thread_blocked, id=33612, stack(0x000000dc80200000,0x000000dc80300000)]
  0x0000028a96c33800 JavaThread "Daemon worker Thread 2" [_thread_in_native, id=26192, stack(0x000000dc80300000,0x000000dc80400000)]
  0x0000028a96c35000 JavaThread "Asynchronous log dispatcher for DefaultDaemonConnection: socket connection from /127.0.0.1:59845 to /127.0.0.1:59969" [_thread_blocked, id=29716, stack(0x000000dc80400000,0x000000dc80500000)]
  0x0000028a96c31000 JavaThread "Stdin handler" [_thread_blocked, id=16700, stack(0x000000dc80500000,0x000000dc80600000)]
  0x0000028a96c3d000 JavaThread "Thread-174" [_thread_blocked, id=30632, stack(0x000000dc80600000,0x000000dc80700000)]
  0x0000028a96c3a000 JavaThread "Cache worker for file hash cache (D:\KULIAH\AKADEMIK\Semerter 5\android-basics-kotlin-lemonade-app-main\android-basics-kotlin-lemonade-app-main\.gradle\6.5\fileHashes)" [_thread_blocked, id=24172, stack(0x000000dc80700000,0x000000dc80800000)]
  0x0000028a96c37800 JavaThread "Cache worker for checksums cache (D:\KULIAH\AKADEMIK\Semerter 5\android-basics-kotlin-lemonade-app-main\android-basics-kotlin-lemonade-app-main\.gradle\checksums)" [_thread_blocked, id=31276, stack(0x000000dc80800000,0x000000dc80900000)]
  0x0000028a96c3e000 JavaThread "Cache worker for cache directory md-supplier (C:\Users\Asus\.gradle\caches\6.5\md-supplier)" [_thread_blocked, id=18748, stack(0x000000dc80900000,0x000000dc80a00000)]
=>0x0000028a9e83c800 JavaThread "C2 CompilerThread1" daemon [_thread_in_native, id=8932, stack(0x000000dc80a00000,0x000000dc80b00000)]
  0x0000028a96c3a800 JavaThread "Cache worker for cache directory md-rule (C:\Users\Asus\.gradle\caches\6.5\md-rule)" [_thread_blocked, id=31484, stack(0x000000dc80b00000,0x000000dc80c00000)]
  0x0000028a96c3c800 JavaThread "jar transforms Thread 139" [_thread_blocked, id=9812, stack(0x000000dc80c00000,0x000000dc80d00000)]
  0x0000028a96c38800 JavaThread "jar transforms Thread 140" [_thread_blocked, id=33396, stack(0x000000dc80d00000,0x000000dc80e00000)]
  0x0000028a96c39000 JavaThread "jar transforms Thread 141" [_thread_blocked, id=23412, stack(0x000000dc80e00000,0x000000dc80f00000)]
  0x0000028a96c3b800 JavaThread "jar transforms Thread 142" [_thread_blocked, id=4504, stack(0x000000dc80f00000,0x000000dc81000000)]
  0x0000028a96195000 JavaThread "jar transforms Thread 143" [_thread_blocked, id=7640, stack(0x000000dc81000000,0x000000dc81100000)]
  0x0000028a96195800 JavaThread "jar transforms Thread 144" [_thread_blocked, id=16252, stack(0x000000dc81100000,0x000000dc81200000)]
  0x0000028a96196800 JavaThread "jar transforms Thread 145" [_thread_blocked, id=33528, stack(0x000000dc81200000,0x000000dc81300000)]
  0x0000028a96191800 JavaThread "jar transforms Thread 146" [_thread_blocked, id=10820, stack(0x000000dc81300000,0x000000dc81400000)]
  0x0000028a96198000 JavaThread "jar transforms Thread 147" [_thread_blocked, id=31088, stack(0x000000dc81400000,0x000000dc81500000)]
  0x0000028a96192800 JavaThread "jar transforms Thread 148" [_thread_blocked, id=13180, stack(0x000000dc81500000,0x000000dc81600000)]
  0x0000028a95f4a800 JavaThread "jar transforms Thread 149" [_thread_blocked, id=6680, stack(0x000000dc81600000,0x000000dc81700000)]
  0x0000028a95f4d800 JavaThread "jar transforms Thread 150" [_thread_blocked, id=31684, stack(0x000000dc81700000,0x000000dc81800000)]

Other Threads:
  0x0000028a9393b000 VMThread "VM Thread" [stack: 0x000000dcf7300000,0x000000dcf7400000] [id=4164]
  0x0000028a9444e800 WatcherThread [stack: 0x000000dcf7d00000,0x000000dcf7e00000] [id=24556]
  0x0000028af6f0c000 GCTaskThread "GC Thread#0" [stack: 0x000000dcf6e00000,0x000000dcf6f00000] [id=31532]
  0x0000028a944ae000 GCTaskThread "GC Thread#1" [stack: 0x000000dcf7e00000,0x000000dcf7f00000] [id=10500]
  0x0000028a944b4000 GCTaskThread "GC Thread#2" [stack: 0x000000dcf7f00000,0x000000dcf8000000] [id=5952]
  0x0000028a944af800 GCTaskThread "GC Thread#3" [stack: 0x000000dcf8d00000,0x000000dcf8e00000] [id=8552]
  0x0000028a944b2000 GCTaskThread "GC Thread#4" [stack: 0x000000dcf8e00000,0x000000dcf8f00000] [id=22096]
  0x0000028a944b4800 GCTaskThread "GC Thread#5" [stack: 0x000000dcf8f00000,0x000000dcf9000000] [id=10880]
  0x0000028a944b5800 GCTaskThread "GC Thread#6" [stack: 0x000000dcf9000000,0x000000dcf9100000] [id=21056]
  0x0000028a944af000 GCTaskThread "GC Thread#7" [stack: 0x000000dcf9100000,0x000000dcf9200000] [id=20292]
  0x0000028a944b3800 GCTaskThread "GC Thread#8" [stack: 0x000000dcf9200000,0x000000dcf9300000] [id=23136]
  0x0000028a944b0800 GCTaskThread "GC Thread#9" [stack: 0x000000dcf9300000,0x000000dcf9400000] [id=33564]
  0x0000028af90a7800 ConcurrentGCThread "G1 Main Marker" [stack: 0x000000dcf6f00000,0x000000dcf7000000] [id=11020]
  0x0000028af90ab800 ConcurrentGCThread "G1 Conc#0" [stack: 0x000000dcf7000000,0x000000dcf7100000] [id=26908]
  0x0000028a944b1000 ConcurrentGCThread "G1 Conc#1" [stack: 0x000000dcf9600000,0x000000dcf9700000] [id=31588]
  0x0000028a944b2800 ConcurrentGCThread "G1 Conc#2" [stack: 0x000000dcf9700000,0x000000dcf9800000] [id=30840]
  0x0000028af913d800 ConcurrentGCThread "G1 Refine#0" [stack: 0x000000dcf7100000,0x000000dcf7200000] [id=7412]
  0x0000028a9378c800 ConcurrentGCThread "G1 Young RemSet Sampling" [stack: 0x000000dcf7200000,0x000000dcf7300000] [id=22576]

Threads with active compile tasks:
C2 CompilerThread1 251852 6750       4       org.codehaus.groovy.runtime.metaclass.MetaMethodIndex::isMatchingMethod (65 bytes)

VM state:not at safepoint (normal execution)

VM Mutex/Monitor currently owned by a thread: None

OutOfMemory and StackOverflow Exception counts:
OutOfMemoryError java_heap_errors=1
LinkageErrors=115

Heap address: 0x0000000080000000, size: 2048 MB, Compressed Oops mode: 32-bit
Narrow klass base: 0x0000000000000000, Narrow klass shift: 3
Compressed class space size: 1073741824 Address: 0x0000000100000000

Heap:
 garbage-first heap   total 155648K, used 98345K [0x0000000080000000, 0x0000000100000000)
  region size 1024K, 43 young (44032K), 6 survivors (6144K)
 Metaspace       used 57740K, capacity 59270K, committed 59392K, reserved 1101824K
  class space    used 7179K, capacity 7653K, committed 7680K, reserved 1048576K
Heap Regions: E=young(eden), S=young(survivor), O=old, HS=humongous(starts), HC=humongous(continues), CS=collection set, F=free, A=archive, TAMS=top-at-mark-start (previous, next)
|   0|0x0000000080000000, 0x0000000080100000, 0x0000000080100000|100%|HS|  |TAMS 0x0000000080100000, 0x0000000080000000| Complete 
|   1|0x0000000080100000, 0x0000000080200000, 0x0000000080200000|100%| O|  |TAMS 0x0000000080200000, 0x0000000080100000| Untracked 
|   2|0x0000000080200000, 0x0000000080300000, 0x0000000080300000|100%| O|  |TAMS 0x0000000080300000, 0x0000000080200000| Untracked 
|   3|0x0000000080300000, 0x0000000080400000, 0x0000000080400000|100%|HS|  |TAMS 0x0000000080400000, 0x0000000080300000| Complete 
|   4|0x0000000080400000, 0x0000000080500000, 0x0000000080500000|100%|HC|  |TAMS 0x0000000080500000, 0x0000000080400000| Complete 
|   5|0x0000000080500000, 0x0000000080600000, 0x0000000080600000|100%|HC|  |TAMS 0x0000000080600000, 0x0000000080500000| Complete 
|   6|0x0000000080600000, 0x0000000080700000, 0x0000000080700000|100%| O|  |TAMS 0x0000000080700000, 0x0000000080600000| Untracked 
|   7|0x0000000080700000, 0x0000000080800000, 0x0000000080800000|100%| O|  |TAMS 0x0000000080800000, 0x0000000080700000| Untracked 
|   8|0x0000000080800000, 0x0000000080900000, 0x0000000080900000|100%| O|  |TAMS 0x0000000080900000, 0x0000000080800000| Untracked 
|   9|0x0000000080900000, 0x0000000080a00000, 0x0000000080a00000|100%| O|  |TAMS 0x0000000080a00000, 0x0000000080900000| Untracked 
|  10|0x0000000080a00000, 0x0000000080b00000, 0x0000000080b00000|100%| O|  |TAMS 0x0000000080b00000, 0x0000000080a00000| Untracked 
|  11|0x0000000080b00000, 0x0000000080c00000, 0x0000000080c00000|100%| O|  |TAMS 0x0000000080c00000, 0x0000000080b00000| Untracked 
|  12|0x0000000080c00000, 0x0000000080d00000, 0x0000000080d00000|100%| O|  |TAMS 0x0000000080d00000, 0x0000000080c00000| Untracked 
|  13|0x0000000080d00000, 0x0000000080e00000, 0x0000000080e00000|100%| O|  |TAMS 0x0000000080e00000, 0x0000000080d00000| Untracked 
|  14|0x0000000080e00000, 0x0000000080f00000, 0x0000000080f00000|100%| O|  |TAMS 0x0000000080f00000, 0x0000000080e00000| Untracked 
|  15|0x0000000080f00000, 0x0000000081000000, 0x0000000081000000|100%| O|  |TAMS 0x0000000081000000, 0x0000000080f00000| Untracked 
|  16|0x0000000081000000, 0x0000000081100000, 0x0000000081100000|100%| O|  |TAMS 0x0000000081100000, 0x0000000081000000| Untracked 
|  17|0x0000000081100000, 0x0000000081200000, 0x0000000081200000|100%|HS|  |TAMS 0x0000000081200000, 0x0000000081100000| Complete 
|  18|0x0000000081200000, 0x0000000081300000, 0x0000000081300000|100%|HC|  |TAMS 0x0000000081300000, 0x0000000081200000| Complete 
|  19|0x0000000081300000, 0x0000000081400000, 0x0000000081400000|100%|HS|  |TAMS 0x0000000081400000, 0x0000000081300000| Complete 
|  20|0x0000000081400000, 0x0000000081500000, 0x0000000081500000|100%|HC|  |TAMS 0x0000000081500000, 0x0000000081400000| Complete 
|  21|0x0000000081500000, 0x0000000081600000, 0x0000000081600000|100%|HC|  |TAMS 0x0000000081600000, 0x0000000081500000| Complete 
|  22|0x0000000081600000, 0x0000000081700000, 0x0000000081700000|100%|HS|  |TAMS 0x0000000081700000, 0x0000000081600000| Complete 
|  23|0x0000000081700000, 0x0000000081800000, 0x0000000081800000|100%|HC|  |TAMS 0x0000000081800000, 0x0000000081700000| Complete 
|  24|0x0000000081800000, 0x0000000081900000, 0x0000000081900000|100%|HC|  |TAMS 0x0000000081900000, 0x0000000081800000| Complete 
|  25|0x0000000081900000, 0x0000000081a00000, 0x0000000081a00000|100%|HC|  |TAMS 0x0000000081a00000, 0x0000000081900000| Complete 
|  26|0x0000000081a00000, 0x0000000081b00000, 0x0000000081b00000|100%| O|  |TAMS 0x0000000081a7de00, 0x0000000081a00000| Untracked 
|  27|0x0000000081b00000, 0x0000000081c00000, 0x0000000081c00000|100%| O|  |TAMS 0x0000000081b00000, 0x0000000081b00000| Untracked 
|  28|0x0000000081c00000, 0x0000000081d00000, 0x0000000081d00000|100%| O|  |TAMS 0x0000000081c00000, 0x0000000081c00000| Untracked 
|  29|0x0000000081d00000, 0x0000000081e00000, 0x0000000081e00000|100%| O|  |TAMS 0x0000000081d00000, 0x0000000081d00000| Untracked 
|  30|0x0000000081e00000, 0x0000000081f00000, 0x0000000081f00000|100%| O|  |TAMS 0x0000000081e00000, 0x0000000081e00000| Untracked 
|  31|0x0000000081f00000, 0x0000000082000000, 0x0000000082000000|100%| O|  |TAMS 0x0000000081f00000, 0x0000000081f00000| Untracked 
|  32|0x0000000082000000, 0x0000000082100000, 0x0000000082100000|100%| O|  |TAMS 0x0000000082000000, 0x0000000082000000| Untracked 
|  33|0x0000000082100000, 0x0000000082200000, 0x0000000082200000|100%| O|  |TAMS 0x0000000082100000, 0x0000000082100000| Untracked 
|  34|0x0000000082200000, 0x0000000082300000, 0x0000000082300000|100%| O|  |TAMS 0x0000000082200000, 0x0000000082200000| Untracked 
|  35|0x0000000082300000, 0x0000000082400000, 0x0000000082400000|100%| O|  |TAMS 0x0000000082300000, 0x0000000082300000| Untracked 
|  36|0x0000000082400000, 0x0000000082500000, 0x0000000082500000|100%| O|  |TAMS 0x0000000082400000, 0x0000000082400000| Untracked 
|  37|0x0000000082500000, 0x0000000082600000, 0x0000000082600000|100%| O|  |TAMS 0x0000000082500000, 0x0000000082500000| Untracked 
|  38|0x0000000082600000, 0x0000000082700000, 0x0000000082700000|100%| O|  |TAMS 0x0000000082600000, 0x0000000082600000| Untracked 
|  39|0x0000000082700000, 0x0000000082800000, 0x0000000082800000|100%| O|  |TAMS 0x0000000082700000, 0x0000000082700000| Untracked 
|  40|0x0000000082800000, 0x0000000082900000, 0x0000000082900000|100%| O|  |TAMS 0x0000000082800000, 0x0000000082800000| Untracked 
|  41|0x0000000082900000, 0x0000000082a00000, 0x0000000082a00000|100%| O|  |TAMS 0x0000000082900000, 0x0000000082900000| Untracked 
|  42|0x0000000082a00000, 0x0000000082b00000, 0x0000000082b00000|100%| O|  |TAMS 0x0000000082a00000, 0x0000000082a00000| Untracked 
|  43|0x0000000082b00000, 0x0000000082c00000, 0x0000000082c00000|100%| O|  |TAMS 0x0000000082b00000, 0x0000000082b00000| Untracked 
|  44|0x0000000082c00000, 0x0000000082d00000, 0x0000000082d00000|100%| O|  |TAMS 0x0000000082c00000, 0x0000000082c00000| Untracked 
|  45|0x0000000082d00000, 0x0000000082e00000, 0x0000000082e00000|100%| O|  |TAMS 0x0000000082d00000, 0x0000000082d00000| Untracked 
|  46|0x0000000082e00000, 0x0000000082f00000, 0x0000000082f00000|100%| O|  |TAMS 0x0000000082e00000, 0x0000000082e00000| Untracked 
|  47|0x0000000082f00000, 0x0000000083000000, 0x0000000083000000|100%| O|  |TAMS 0x0000000082f00000, 0x0000000082f00000| Untracked 
|  48|0x0000000083000000, 0x0000000083100000, 0x0000000083100000|100%| O|  |TAMS 0x0000000083000000, 0x0000000083000000| Untracked 
|  49|0x0000000083100000, 0x0000000083100000, 0x0000000083200000|  0%| F|  |TAMS 0x0000000083100000, 0x0000000083100000| Untracked 
|  50|0x0000000083200000, 0x0000000083300000, 0x0000000083300000|100%| O|  |TAMS 0x0000000083200000, 0x0000000083200000| Untracked 
|  51|0x0000000083300000, 0x0000000083400000, 0x0000000083400000|100%| O|  |TAMS 0x0000000083300000, 0x0000000083300000| Untracked 
|  52|0x0000000083400000, 0x0000000083500000, 0x0000000083500000|100%| O|  |TAMS 0x0000000083400000, 0x0000000083400000| Untracked 
|  53|0x0000000083500000, 0x0000000083600000, 0x0000000083600000|100%| O|  |TAMS 0x0000000083500000, 0x0000000083500000| Untracked 
|  54|0x0000000083600000, 0x0000000083700000, 0x0000000083700000|100%| O|  |TAMS 0x0000000083600000, 0x0000000083600000| Untracked 
|  55|0x0000000083700000, 0x00000000837e5c00, 0x0000000083800000| 89%| O|  |TAMS 0x0000000083700000, 0x0000000083700000| Untracked 
|  56|0x0000000083800000, 0x0000000083800000, 0x0000000083900000|  0%| F|  |TAMS 0x0000000083800000, 0x0000000083800000| Untracked 
|  57|0x0000000083900000, 0x0000000083900000, 0x0000000083a00000|  0%| F|  |TAMS 0x0000000083900000, 0x0000000083900000| Untracked 
|  58|0x0000000083a00000, 0x0000000083a00000, 0x0000000083b00000|  0%| F|  |TAMS 0x0000000083a00000, 0x0000000083a00000| Untracked 
|  59|0x0000000083b00000, 0x0000000083b00000, 0x0000000083c00000|  0%| F|  |TAMS 0x0000000083b00000, 0x0000000083b00000| Untracked 
|  60|0x0000000083c00000, 0x0000000083c00000, 0x0000000083d00000|  0%| F|  |TAMS 0x0000000083c00000, 0x0000000083c00000| Untracked 
|  61|0x0000000083d00000, 0x0000000083d00000, 0x0000000083e00000|  0%| F|  |TAMS 0x0000000083d00000, 0x0000000083d00000| Untracked 
|  62|0x0000000083e00000, 0x0000000083e00000, 0x0000000083f00000|  0%| F|  |TAMS 0x0000000083e00000, 0x0000000083e00000| Untracked 
|  63|0x0000000083f00000, 0x0000000083f00000, 0x0000000084000000|  0%| F|  |TAMS 0x0000000083f00000, 0x0000000083f00000| Untracked 
|  64|0x0000000084000000, 0x0000000084000000, 0x0000000084100000|  0%| F|  |TAMS 0x0000000084000000, 0x0000000084000000| Untracked 
|  65|0x0000000084100000, 0x0000000084100000, 0x0000000084200000|  0%| F|  |TAMS 0x0000000084100000, 0x0000000084100000| Untracked 
|  66|0x0000000084200000, 0x0000000084200000, 0x0000000084300000|  0%| F|  |TAMS 0x0000000084200000, 0x0000000084200000| Untracked 
|  67|0x0000000084300000, 0x0000000084300000, 0x0000000084400000|  0%| F|  |TAMS 0x0000000084300000, 0x0000000084300000| Untracked 
|  68|0x0000000084400000, 0x0000000084400000, 0x0000000084500000|  0%| F|  |TAMS 0x0000000084400000, 0x0000000084400000| Untracked 
|  69|0x0000000084500000, 0x0000000084500000, 0x0000000084600000|  0%| F|  |TAMS 0x0000000084500000, 0x0000000084500000| Untracked 
|  70|0x0000000084600000, 0x0000000084600000, 0x0000000084700000|  0%| F|  |TAMS 0x0000000084600000, 0x0000000084600000| Untracked 
|  71|0x0000000084700000, 0x0000000084700000, 0x0000000084800000|  0%| F|  |TAMS 0x0000000084700000, 0x0000000084700000| Untracked 
|  72|0x0000000084800000, 0x0000000084800000, 0x0000000084900000|  0%| F|  |TAMS 0x0000000084800000, 0x0000000084800000| Untracked 
|  73|0x0000000084900000, 0x0000000084900000, 0x0000000084a00000|  0%| F|  |TAMS 0x0000000084900000, 0x0000000084900000| Untracked 
|  74|0x0000000084a00000, 0x0000000084a00000, 0x0000000084b00000|  0%| F|  |TAMS 0x0000000084a00000, 0x0000000084a00000| Untracked 
|  75|0x0000000084b00000, 0x0000000084b00000, 0x0000000084c00000|  0%| F|  |TAMS 0x0000000084b00000, 0x0000000084b00000| Untracked 
|  76|0x0000000084c00000, 0x0000000084c00000, 0x0000000084d00000|  0%| F|  |TAMS 0x0000000084c00000, 0x0000000084c00000| Untracked 
|  77|0x0000000084d00000, 0x0000000084d00000, 0x0000000084e00000|  0%| F|  |TAMS 0x0000000084d00000, 0x0000000084d00000| Untracked 
|  78|0x0000000084e00000, 0x0000000084e00000, 0x0000000084f00000|  0%| F|  |TAMS 0x0000000084e00000, 0x0000000084e00000| Untracked 
|  79|0x0000000084f00000, 0x0000000084f00000, 0x0000000085000000|  0%| F|  |TAMS 0x0000000084f00000, 0x0000000084f00000| Untracked 
|  80|0x0000000085000000, 0x0000000085000000, 0x0000000085100000|  0%| F|  |TAMS 0x0000000085000000, 0x0000000085000000| Untracked 
|  81|0x0000000085100000, 0x0000000085100000, 0x0000000085200000|  0%| F|  |TAMS 0x0000000085100000, 0x0000000085100000| Untracked 
|  82|0x0000000085200000, 0x0000000085200000, 0x0000000085300000|  0%| F|  |TAMS 0x0000000085200000, 0x0000000085200000| Untracked 
|  83|0x0000000085300000, 0x0000000085300000, 0x0000000085400000|  0%| F|  |TAMS 0x0000000085300000, 0x0000000085300000| Untracked 
|  84|0x0000000085400000, 0x0000000085400000, 0x0000000085500000|  0%| F|  |TAMS 0x0000000085400000, 0x0000000085400000| Untracked 
|  85|0x0000000085500000, 0x0000000085500000, 0x0000000085600000|  0%| F|  |TAMS 0x0000000085500000, 0x0000000085500000| Untracked 
|  86|0x0000000085600000, 0x0000000085600000, 0x0000000085700000|  0%| F|  |TAMS 0x0000000085600000, 0x0000000085600000| Untracked 
|  87|0x0000000085700000, 0x0000000085700000, 0x0000000085800000|  0%| F|  |TAMS 0x0000000085700000, 0x0000000085700000| Untracked 
|  88|0x0000000085800000, 0x0000000085800000, 0x0000000085900000|  0%| F|  |TAMS 0x0000000085800000, 0x0000000085800000| Untracked 
|  89|0x0000000085900000, 0x0000000085900000, 0x0000000085a00000|  0%| F|  |TAMS 0x0000000085900000, 0x0000000085900000| Untracked 
|  90|0x0000000085a00000, 0x0000000085a00000, 0x0000000085b00000|  0%| F|  |TAMS 0x0000000085a00000, 0x0000000085a00000| Untracked 
|  91|0x0000000085b00000, 0x0000000085b00000, 0x0000000085c00000|  0%| F|  |TAMS 0x0000000085b00000, 0x0000000085b00000| Untracked 
|  92|0x0000000085c00000, 0x0000000085c00000, 0x0000000085d00000|  0%| F|  |TAMS 0x0000000085c00000, 0x0000000085c00000| Untracked 
|  93|0x0000000085d00000, 0x0000000085d00000, 0x0000000085e00000|  0%| F|  |TAMS 0x0000000085d00000, 0x0000000085d00000| Untracked 
|  94|0x0000000085e00000, 0x0000000085e00000, 0x0000000085f00000|  0%| F|  |TAMS 0x0000000085e00000, 0x0000000085e00000| Untracked 
|  95|0x0000000085f00000, 0x0000000085f24840, 0x0000000086000000| 14%| S|CS|TAMS 0x0000000085f00000, 0x0000000085f00000| Complete 
|  96|0x0000000086000000, 0x0000000086100000, 0x0000000086100000|100%| S|CS|TAMS 0x0000000086000000, 0x0000000086000000| Complete 
|  97|0x0000000086100000, 0x0000000086200000, 0x0000000086200000|100%| S|CS|TAMS 0x0000000086100000, 0x0000000086100000| Complete 
|  98|0x0000000086200000, 0x0000000086300000, 0x0000000086300000|100%| S|CS|TAMS 0x0000000086200000, 0x0000000086200000| Complete 
|  99|0x0000000086300000, 0x0000000086400000, 0x0000000086400000|100%| S|CS|TAMS 0x0000000086300000, 0x0000000086300000| Complete 
| 100|0x0000000086400000, 0x0000000086500000, 0x0000000086500000|100%| S|CS|TAMS 0x0000000086400000, 0x0000000086400000| Complete 
| 101|0x0000000086500000, 0x0000000086500000, 0x0000000086600000|  0%| F|  |TAMS 0x0000000086500000, 0x0000000086500000| Untracked 
| 102|0x0000000086600000, 0x0000000086600000, 0x0000000086700000|  0%| F|  |TAMS 0x0000000086600000, 0x0000000086600000| Untracked 
| 103|0x0000000086700000, 0x0000000086700000, 0x0000000086800000|  0%| F|  |TAMS 0x0000000086700000, 0x0000000086700000| Untracked 
| 104|0x0000000086800000, 0x0000000086800000, 0x0000000086900000|  0%| F|  |TAMS 0x0000000086800000, 0x0000000086800000| Untracked 
| 105|0x0000000086900000, 0x0000000086900000, 0x0000000086a00000|  0%| F|  |TAMS 0x0000000086900000, 0x0000000086900000| Untracked 
| 106|0x0000000086a00000, 0x0000000086a00000, 0x0000000086b00000|  0%| F|  |TAMS 0x0000000086a00000, 0x0000000086a00000| Untracked 
| 107|0x0000000086b00000, 0x0000000086b00000, 0x0000000086c00000|  0%| F|  |TAMS 0x0000000086b00000, 0x0000000086b00000| Untracked 
| 108|0x0000000086c00000, 0x0000000086c00000, 0x0000000086d00000|  0%| F|  |TAMS 0x0000000086c00000, 0x0000000086c00000| Untracked 
| 109|0x0000000086d00000, 0x0000000086d00000, 0x0000000086e00000|  0%| F|  |TAMS 0x0000000086d00000, 0x0000000086d00000| Untracked 
| 110|0x0000000086e00000, 0x0000000086e00000, 0x0000000086f00000|  0%| F|  |TAMS 0x0000000086e00000, 0x0000000086e00000| Untracked 
| 111|0x0000000086f00000, 0x0000000086f00000, 0x0000000087000000|  0%| F|  |TAMS 0x0000000086f00000, 0x0000000086f00000| Untracked 
| 112|0x0000000087000000, 0x0000000087000000, 0x0000000087100000|  0%| F|  |TAMS 0x0000000087000000, 0x0000000087000000| Untracked 
| 113|0x0000000087100000, 0x0000000087100000, 0x0000000087200000|  0%| F|  |TAMS 0x0000000087100000, 0x0000000087100000| Untracked 
| 114|0x0000000087200000, 0x0000000087200000, 0x0000000087300000|  0%| F|  |TAMS 0x0000000087200000, 0x0000000087200000| Untracked 
| 115|0x0000000087300000, 0x00000000873b9bb8, 0x0000000087400000| 72%| E|  |TAMS 0x0000000087300000, 0x0000000087300000| Complete 
| 116|0x0000000087400000, 0x0000000087500000, 0x0000000087500000|100%| E|CS|TAMS 0x0000000087400000, 0x0000000087400000| Complete 
| 117|0x0000000087500000, 0x0000000087600000, 0x0000000087600000|100%| E|CS|TAMS 0x0000000087500000, 0x0000000087500000| Complete 
| 118|0x0000000087600000, 0x0000000087700000, 0x0000000087700000|100%| E|CS|TAMS 0x0000000087600000, 0x0000000087600000| Complete 
| 119|0x0000000087700000, 0x0000000087800000, 0x0000000087800000|100%| E|CS|TAMS 0x0000000087700000, 0x0000000087700000| Complete 
| 120|0x0000000087800000, 0x0000000087900000, 0x0000000087900000|100%| E|CS|TAMS 0x0000000087800000, 0x0000000087800000| Complete 
| 121|0x0000000087900000, 0x0000000087a00000, 0x0000000087a00000|100%| E|CS|TAMS 0x0000000087900000, 0x0000000087900000| Complete 
| 122|0x0000000087a00000, 0x0000000087b00000, 0x0000000087b00000|100%| E|CS|TAMS 0x0000000087a00000, 0x0000000087a00000| Complete 
| 123|0x0000000087b00000, 0x0000000087c00000, 0x0000000087c00000|100%| E|CS|TAMS 0x0000000087b00000, 0x0000000087b00000| Complete 
| 124|0x0000000087c00000, 0x0000000087d00000, 0x0000000087d00000|100%| E|CS|TAMS 0x0000000087c00000, 0x0000000087c00000| Complete 
| 125|0x0000000087d00000, 0x0000000087e00000, 0x0000000087e00000|100%| E|CS|TAMS 0x0000000087d00000, 0x0000000087d00000| Complete 
| 126|0x0000000087e00000, 0x0000000087f00000, 0x0000000087f00000|100%| E|CS|TAMS 0x0000000087e00000, 0x0000000087e00000| Complete 
| 127|0x0000000087f00000, 0x0000000088000000, 0x0000000088000000|100%| E|CS|TAMS 0x0000000087f00000, 0x0000000087f00000| Complete 
| 128|0x0000000088000000, 0x0000000088100000, 0x0000000088100000|100%| E|CS|TAMS 0x0000000088000000, 0x0000000088000000| Complete 
| 129|0x0000000088100000, 0x0000000088200000, 0x0000000088200000|100%| E|CS|TAMS 0x0000000088100000, 0x0000000088100000| Complete 
| 130|0x0000000088200000, 0x0000000088300000, 0x0000000088300000|100%| E|CS|TAMS 0x0000000088200000, 0x0000000088200000| Complete 
| 131|0x0000000088300000, 0x0000000088400000, 0x0000000088400000|100%| E|CS|TAMS 0x0000000088300000, 0x0000000088300000| Complete 
| 132|0x0000000088400000, 0x0000000088500000, 0x0000000088500000|100%| E|CS|TAMS 0x0000000088400000, 0x0000000088400000| Complete 
| 133|0x0000000088500000, 0x0000000088600000, 0x0000000088600000|100%| E|CS|TAMS 0x0000000088500000, 0x0000000088500000| Complete 
| 134|0x0000000088600000, 0x0000000088700000, 0x0000000088700000|100%| E|CS|TAMS 0x0000000088600000, 0x0000000088600000| Complete 
| 135|0x0000000088700000, 0x0000000088800000, 0x0000000088800000|100%| E|CS|TAMS 0x0000000088700000, 0x0000000088700000| Complete 
| 136|0x0000000088800000, 0x0000000088900000, 0x0000000088900000|100%| E|CS|TAMS 0x0000000088800000, 0x0000000088800000| Complete 
| 137|0x0000000088900000, 0x0000000088a00000, 0x0000000088a00000|100%| E|CS|TAMS 0x0000000088900000, 0x0000000088900000| Complete 
| 138|0x0000000088a00000, 0x0000000088b00000, 0x0000000088b00000|100%| E|CS|TAMS 0x0000000088a00000, 0x0000000088a00000| Complete 
| 139|0x0000000088b00000, 0x0000000088c00000, 0x0000000088c00000|100%| E|CS|TAMS 0x0000000088b00000, 0x0000000088b00000| Complete 
| 140|0x0000000088c00000, 0x0000000088d00000, 0x0000000088d00000|100%| E|CS|TAMS 0x0000000088c00000, 0x0000000088c00000| Complete 
| 141|0x0000000088d00000, 0x0000000088e00000, 0x0000000088e00000|100%| E|CS|TAMS 0x0000000088d00000, 0x0000000088d00000| Complete 
| 142|0x0000000088e00000, 0x0000000088f00000, 0x0000000088f00000|100%| E|CS|TAMS 0x0000000088e00000, 0x0000000088e00000| Complete 
| 143|0x0000000088f00000, 0x0000000089000000, 0x0000000089000000|100%| E|CS|TAMS 0x0000000088f00000, 0x0000000088f00000| Complete 
| 144|0x0000000089000000, 0x0000000089100000, 0x0000000089100000|100%| E|CS|TAMS 0x0000000089000000, 0x0000000089000000| Complete 
| 145|0x0000000089100000, 0x0000000089200000, 0x0000000089200000|100%| E|CS|TAMS 0x0000000089100000, 0x0000000089100000| Complete 
| 146|0x0000000089200000, 0x0000000089300000, 0x0000000089300000|100%| E|CS|TAMS 0x0000000089200000, 0x0000000089200000| Complete 
| 147|0x0000000089300000, 0x0000000089400000, 0x0000000089400000|100%| E|CS|TAMS 0x0000000089300000, 0x0000000089300000| Complete 
| 148|0x0000000089400000, 0x0000000089500000, 0x0000000089500000|100%| E|CS|TAMS 0x0000000089400000, 0x0000000089400000| Complete 
| 149|0x0000000089500000, 0x0000000089600000, 0x0000000089600000|100%| E|CS|TAMS 0x0000000089500000, 0x0000000089500000| Complete 
| 150|0x0000000089600000, 0x0000000089700000, 0x0000000089700000|100%| E|CS|TAMS 0x0000000089600000, 0x0000000089600000| Complete 
| 151|0x0000000089700000, 0x0000000089800000, 0x0000000089800000|100%| E|CS|TAMS 0x0000000089700000, 0x0000000089700000| Complete 

Card table byte_map: [0x0000028afd4c0000,0x0000028afd8c0000] _byte_map_base: 0x0000028afd0c0000

Marking Bits (Prev, Next): (CMBitMap*) 0x0000028af909eb18, (CMBitMap*) 0x0000028af909eb50
 Prev Bits: [0x0000028afdcc0000, 0x0000028affcc0000)
 Next Bits: [0x0000028a8f000000, 0x0000028a91000000)

Polling page: 0x0000028af7050000

Metaspace:

Usage:
  Non-class:     50.41 MB capacity,    49.38 MB ( 98%) used,   923.98 KB (  2%) free+waste,   131.75 KB ( <1%) overhead. 
      Class:      7.47 MB capacity,     7.01 MB ( 94%) used,   411.97 KB (  5%) free+waste,    61.81 KB ( <1%) overhead. 
       Both:     57.88 MB capacity,    56.39 MB ( 97%) used,     1.30 MB (  2%) free+waste,   193.56 KB ( <1%) overhead. 

Virtual space:
  Non-class space:       52.00 MB reserved,      50.50 MB ( 97%) committed 
      Class space:        1.00 GB reserved,       7.50 MB ( <1%) committed 
             Both:        1.05 GB reserved,      58.00 MB (  5%) committed 

Chunk freelists:
   Non-Class:  31.00 KB
       Class:  0 bytes
        Both:  31.00 KB

MaxMetaspaceSize: 17179869184.00 GB
CompressedClassSpaceSize: 1.00 GB
Initial GC threshold: 20.80 MB
Current GC threshold: 58.34 MB
CDS: off

CodeHeap 'non-profiled nmethods': size=120000Kb used=3557Kb max_used=3557Kb free=116442Kb
 bounds [0x0000028a87ad0000, 0x0000028a87e50000, 0x0000028a8f000000]
CodeHeap 'profiled nmethods': size=120000Kb used=14546Kb max_used=14546Kb free=105453Kb
 bounds [0x0000028a805a0000, 0x0000028a813e0000, 0x0000028a87ad0000]
CodeHeap 'non-nmethods': size=5760Kb used=2333Kb max_used=2381Kb free=3426Kb
 bounds [0x0000028a80000000, 0x0000028a80270000, 0x0000028a805a0000]
 total_blobs=7583 nmethods=6745 adapters=750
 compilation: enabled
              stopped_count=0, restarted_count=0
 full_count=0

Compilation events (20 events):
Event: 251.730 Thread 0x0000028a9395f000 6788       3       sun.nio.fs.WindowsFileAttributeViews$Basic::readAttributes (5 bytes)
Event: 251.730 Thread 0x0000028a9395f000 nmethod 6788 0x0000028a813bc490 code [0x0000028a813bc640, 0x0000028a813bc7e8]
Event: 251.730 Thread 0x0000028a9395f000 6789   !   3       sun.nio.fs.WindowsFileAttributeViews$Basic::readAttributes (30 bytes)
Event: 251.731 Thread 0x0000028a9395f000 nmethod 6789 0x0000028a813bc890 code [0x0000028a813bcae0, 0x0000028a813bd3a8]
Event: 251.731 Thread 0x0000028a9395f000 6790       3       sun.nio.fs.WindowsFileAttributes::fromFileAttributeData (104 bytes)
Event: 251.731 Thread 0x0000028a9395f000 nmethod 6790 0x0000028a813bd710 code [0x0000028a813bd900, 0x0000028a813bdda8]
Event: 251.731 Thread 0x0000028a9395f000 6791       3       java.lang.Character::isJavaIdentifierStart (9 bytes)
Event: 251.731 Thread 0x0000028a9395f000 nmethod 6791 0x0000028a813be010 code [0x0000028a813be1e0, 0x0000028a813be3b8]
Event: 251.735 Thread 0x0000028a942c2000 6792       4       java.lang.StringCoding::decodeUTF8 (45 bytes)
Event: 251.740 Thread 0x0000028a9395f000 6793       3       java.io.WinNTFileSystem::parentOrNull (171 bytes)
Event: 251.741 Thread 0x0000028a9395f000 nmethod 6793 0x0000028a813be490 code [0x0000028a813be7e0, 0x0000028a813bfe48]
Event: 251.742 Thread 0x0000028a9395f000 6794       3       org.apache.commons.io.FilenameUtils::failIfNullBytePresent (37 bytes)
Event: 251.742 Thread 0x0000028a9395f000 nmethod 6794 0x0000028a813c0690 code [0x0000028a813c08e0, 0x0000028a813c1168]
Event: 251.743 Thread 0x0000028a942c2000 nmethod 6792 0x0000028a87e46a10 code [0x0000028a87e46c00, 0x0000028a87e473e8]
Event: 251.746 Thread 0x0000028a9395f000 6795       3       com.google.common.cache.LocalCache::createSegment (13 bytes)
Event: 251.746 Thread 0x0000028a9395f000 nmethod 6795 0x0000028a813c1590 code [0x0000028a813c1740, 0x0000028a813c1908]
Event: 251.746 Thread 0x0000028a9395f000 6796       3       com.google.common.cache.LocalCache$Segment::<init> (163 bytes)
Event: 251.747 Thread 0x0000028a9395f000 nmethod 6796 0x0000028a813c1a10 code [0x0000028a813c1e60, 0x0000028a813c4528]
Event: 251.749 Thread 0x0000028a9395f000 6797       3       java.util.Dictionary::<init> (5 bytes)
Event: 251.749 Thread 0x0000028a9395f000 nmethod 6797 0x0000028a813c4f90 code [0x0000028a813c5140, 0x0000028a813c5298]

GC Heap History (20 events):
Event: 3.457 GC heap before
{Heap before GC invocations=4 (full 0):
 garbage-first heap   total 129024K, used 70686K [0x0000000080000000, 0x0000000100000000)
  region size 1024K, 49 young (50176K), 1 survivors (1024K)
 Metaspace       used 26200K, capacity 26836K, committed 26880K, reserved 1073152K
  class space    used 3330K, capacity 3564K, committed 3584K, reserved 1048576K
}
Event: 3.461 GC heap after
{Heap after GC invocations=5 (full 0):
 garbage-first heap   total 129024K, used 25217K [0x0000000080000000, 0x0000000100000000)
  region size 1024K, 4 young (4096K), 4 survivors (4096K)
 Metaspace       used 26200K, capacity 26836K, committed 26880K, reserved 1073152K
  class space    used 3330K, capacity 3564K, committed 3584K, reserved 1048576K
}
Event: 4.163 GC heap before
{Heap before GC invocations=5 (full 0):
 garbage-first heap   total 129024K, used 78465K [0x0000000080000000, 0x0000000100000000)
  region size 1024K, 54 young (55296K), 4 survivors (4096K)
 Metaspace       used 34542K, capacity 35416K, committed 35584K, reserved 1079296K
  class space    used 4419K, capacity 4749K, committed 4864K, reserved 1048576K
}
Event: 4.171 GC heap after
{Heap after GC invocations=6 (full 0):
 garbage-first heap   total 129024K, used 34295K [0x0000000080000000, 0x0000000100000000)
  region size 1024K, 7 young (7168K), 7 survivors (7168K)
 Metaspace       used 34542K, capacity 35416K, committed 35584K, reserved 1079296K
  class space    used 4419K, capacity 4749K, committed 4864K, reserved 1048576K
}
Event: 4.768 GC heap before
{Heap before GC invocations=7 (full 0):
 garbage-first heap   total 129024K, used 86519K [0x0000000080000000, 0x0000000100000000)
  region size 1024K, 56 young (57344K), 7 survivors (7168K)
 Metaspace       used 41941K, capacity 42805K, committed 43008K, reserved 1087488K
  class space    used 5209K, capacity 5523K, committed 5632K, reserved 1048576K
}
Event: 4.775 GC heap after
{Heap after GC invocations=8 (full 0):
 garbage-first heap   total 155648K, used 38825K [0x0000000080000000, 0x0000000100000000)
  region size 1024K, 5 young (5120K), 5 survivors (5120K)
 Metaspace       used 41941K, capacity 42805K, committed 43008K, reserved 1087488K
  class space    used 5209K, capacity 5523K, committed 5632K, reserved 1048576K
}
Event: 5.508 GC heap before
{Heap before GC invocations=8 (full 0):
 garbage-first heap   total 155648K, used 98217K [0x0000000080000000, 0x0000000100000000)
  region size 1024K, 63 young (64512K), 5 survivors (5120K)
 Metaspace       used 46174K, capacity 47300K, committed 47360K, reserved 1091584K
  class space    used 5729K, capacity 6114K, committed 6144K, reserved 1048576K
}
Event: 5.516 GC heap after
{Heap after GC invocations=9 (full 0):
 garbage-first heap   total 155648K, used 43211K [0x0000000080000000, 0x0000000100000000)
  region size 1024K, 5 young (5120K), 5 survivors (5120K)
 Metaspace       used 46174K, capacity 47300K, committed 47360K, reserved 1091584K
  class space    used 5729K, capacity 6114K, committed 6144K, reserved 1048576K
}
Event: 6.442 GC heap before
{Heap before GC invocations=9 (full 0):
 garbage-first heap   total 155648K, used 103627K [0x0000000080000000, 0x0000000100000000)
  region size 1024K, 64 young (65536K), 5 survivors (5120K)
 Metaspace       used 51182K, capacity 52607K, committed 52736K, reserved 1095680K
  class space    used 6421K, capacity 6832K, committed 6912K, reserved 1048576K
}
Event: 6.449 GC heap after
{Heap after GC invocations=10 (full 0):
 garbage-first heap   total 155648K, used 46998K [0x0000000080000000, 0x0000000100000000)
  region size 1024K, 8 young (8192K), 8 survivors (8192K)
 Metaspace       used 51182K, capacity 52607K, committed 52736K, reserved 1095680K
  class space    used 6421K, capacity 6832K, committed 6912K, reserved 1048576K
}
Event: 82.064 GC heap before
{Heap before GC invocations=10 (full 0):
 garbage-first heap   total 155648K, used 108438K [0x0000000080000000, 0x0000000100000000)
  region size 1024K, 69 young (70656K), 8 survivors (8192K)
 Metaspace       used 56721K, capacity 58166K, committed 58368K, reserved 1099776K
  class space    used 7093K, capacity 7571K, committed 7680K, reserved 1048576K
}
Event: 82.121 GC heap after
{Heap after GC invocations=11 (full 0):
 garbage-first heap   total 155648K, used 49349K [0x0000000080000000, 0x0000000100000000)
  region size 1024K, 7 young (7168K), 7 survivors (7168K)
 Metaspace       used 56721K, capacity 58166K, committed 58368K, reserved 1099776K
  class space    used 7093K, capacity 7571K, committed 7680K, reserved 1048576K
}
Event: 169.610 GC heap before
{Heap before GC invocations=11 (full 0):
 garbage-first heap   total 155648K, used 110789K [0x0000000080000000, 0x0000000100000000)
  region size 1024K, 68 young (69632K), 7 survivors (7168K)
 Metaspace       used 56748K, capacity 58231K, committed 58368K, reserved 1099776K
  class space    used 7093K, capacity 7571K, committed 7680K, reserved 1048576K
}
Event: 170.343 GC heap after
{Heap after GC invocations=12 (full 0):
 garbage-first heap   total 155648K, used 49520K [0x0000000080000000, 0x0000000100000000)
  region size 1024K, 3 young (3072K), 3 survivors (3072K)
 Metaspace       used 56748K, capacity 58231K, committed 58368K, reserved 1099776K
  class space    used 7093K, capacity 7571K, committed 7680K, reserved 1048576K
}
Event: 180.300 GC heap before
{Heap before GC invocations=12 (full 0):
 garbage-first heap   total 155648K, used 103792K [0x0000000080000000, 0x0000000100000000)
  region size 1024K, 57 young (58368K), 3 survivors (3072K)
 Metaspace       used 56997K, capacity 58444K, committed 58624K, reserved 1099776K
  class space    used 7107K, capacity 7575K, committed 7680K, reserved 1048576K
}
Event: 180.318 GC heap after
{Heap after GC invocations=13 (full 0):
 garbage-first heap   total 155648K, used 57817K [0x0000000080000000, 0x0000000100000000)
  region size 1024K, 8 young (8192K), 8 survivors (8192K)
 Metaspace       used 56997K, capacity 58444K, committed 58624K, reserved 1099776K
  class space    used 7107K, capacity 7575K, committed 7680K, reserved 1048576K
}
Event: 180.685 GC heap before
{Heap before GC invocations=13 (full 0):
 garbage-first heap   total 155648K, used 116185K [0x0000000080000000, 0x0000000100000000)
  region size 1024K, 64 young (65536K), 8 survivors (8192K)
 Metaspace       used 57027K, capacity 58444K, committed 58624K, reserved 1099776K
  class space    used 7108K, capacity 7575K, committed 7680K, reserved 1048576K
}
Event: 180.714 GC heap after
{Heap after GC invocations=14 (full 0):
 garbage-first heap   total 155648K, used 64612K [0x0000000080000000, 0x0000000100000000)
  region size 1024K, 8 young (8192K), 8 survivors (8192K)
 Metaspace       used 57027K, capacity 58444K, committed 58624K, reserved 1099776K
  class space    used 7108K, capacity 7575K, committed 7680K, reserved 1048576K
}
Event: 181.077 GC heap before
{Heap before GC invocations=14 (full 0):
 garbage-first heap   total 155648K, used 116836K [0x0000000080000000, 0x0000000100000000)
  region size 1024K, 59 young (60416K), 8 survivors (8192K)
 Metaspace       used 57028K, capacity 58444K, committed 58624K, reserved 1099776K
  class space    used 7109K, capacity 7575K, committed 7680K, reserved 1048576K
}
Event: 181.084 GC heap after
{Heap after GC invocations=15 (full 0):
 garbage-first heap   total 155648K, used 61481K [0x0000000080000000, 0x0000000100000000)
  region size 1024K, 6 young (6144K), 6 survivors (6144K)
 Metaspace       used 57028K, capacity 58444K, committed 58624K, reserved 1099776K
  class space    used 7109K, capacity 7575K, committed 7680K, reserved 1048576K
}

Deoptimization events (20 events):
Event: 251.583 Thread 0x0000028a96c3c800 DEOPT PACKING pc=0x0000028a87dd12b8 sp=0x000000dc80cfe340
Event: 251.583 Thread 0x0000028a96c3c800 DEOPT UNPACKING pc=0x0000028a8004a1af sp=0x000000dc80cfe288 mode 2
Event: 251.584 Thread 0x0000028a96c3c800 Uncommon trap: trap_request=0xffffffbe fr.pc=0x0000028a87dd12b8 relative=0x0000000000000a98
Event: 251.585 Thread 0x0000028a96c3c800 Uncommon trap: reason=profile_predicate action=maybe_recompile pc=0x0000028a87dd12b8 method=java.util.regex.Pattern$BnM.optimize(Ljava/util/regex/Pattern$Node;)Ljava/util/regex/Pattern$Node; @ 67 c2
Event: 251.585 Thread 0x0000028a96c3c800 DEOPT PACKING pc=0x0000028a87dd12b8 sp=0x000000dc80cfe420
Event: 251.585 Thread 0x0000028a96c3c800 DEOPT UNPACKING pc=0x0000028a8004a1af sp=0x000000dc80cfe368 mode 2
Event: 251.597 Thread 0x0000028a96c3c800 DEOPT PACKING pc=0x0000028a81394ab7 sp=0x000000dc80cfdf00
Event: 251.597 Thread 0x0000028a96c3c800 DEOPT UNPACKING pc=0x0000028a8004a95e sp=0x000000dc80cfd3c0 mode 0
Event: 251.627 Thread 0x0000028a96c33800 Uncommon trap: trap_request=0xffffffd6 fr.pc=0x0000028a87dffd88 relative=0x00000000000007a8
Event: 251.627 Thread 0x0000028a96c33800 Uncommon trap: reason=array_check action=maybe_recompile pc=0x0000028a87dffd88 method=java.util.ComparableTimSort.binarySort([Ljava/lang/Object;III)V @ 193 c2
Event: 251.627 Thread 0x0000028a96c33800 DEOPT PACKING pc=0x0000028a87dffd88 sp=0x000000dc803fa6f0
Event: 251.627 Thread 0x0000028a96c33800 DEOPT UNPACKING pc=0x0000028a8004a1af sp=0x000000dc803fa690 mode 2
Event: 251.658 Thread 0x0000028a96c33800 Uncommon trap: trap_request=0xffffffde fr.pc=0x0000028a87e0574c relative=0x000000000000072c
Event: 251.658 Thread 0x0000028a96c33800 Uncommon trap: reason=class_check action=maybe_recompile pc=0x0000028a87e0574c method=com.google.common.collect.AbstractIterator.tryToComputeNext()Z @ 9 c2
Event: 251.658 Thread 0x0000028a96c33800 DEOPT PACKING pc=0x0000028a87e0574c sp=0x000000dc803fab60
Event: 251.658 Thread 0x0000028a96c33800 DEOPT UNPACKING pc=0x0000028a8004a1af sp=0x000000dc803faae8 mode 2
Event: 251.693 Thread 0x0000028a96c33800 Uncommon trap: trap_request=0xffffffde fr.pc=0x0000028a87e0574c relative=0x000000000000072c
Event: 251.693 Thread 0x0000028a96c33800 Uncommon trap: reason=class_check action=maybe_recompile pc=0x0000028a87e0574c method=com.google.common.collect.AbstractIterator.tryToComputeNext()Z @ 9 c2
Event: 251.693 Thread 0x0000028a96c33800 DEOPT PACKING pc=0x0000028a87e0574c sp=0x000000dc803fab60
Event: 251.693 Thread 0x0000028a96c33800 DEOPT UNPACKING pc=0x0000028a8004a1af sp=0x000000dc803faae8 mode 2

Classes redefined (0 events):
No events

Internal exceptions (20 events):
Event: 5.866 Thread 0x0000028a9624c000 Exception <a 'java/lang/NoSuchMethodError'{0x000000008762eca0}: 'java.lang.Object java.lang.invoke.DirectMethodHandle$Holder.invokeStatic(java.lang.Object, java.lang.Object, java.lang.Object, int)'> (0x000000008762eca0) thrown at [./src/hotspot/share/interpreter/linkResolver.cpp, line 773]
Event: 5.866 Thread 0x0000028a9624c000 Exception <a 'java/lang/NoSuchMethodError'{0x00000000876332b8}: 'java.lang.Object java.lang.invoke.DirectMethodHandle$Holder.invokeSpecial(java.lang.Object, java.lang.Object, java.lang.Object, java.lang.Object, int)'> (0x00000000876332b8) thrown at [./src/hotspot/share/interpreter/linkResolver.cpp, line 773]
Event: 5.866 Thread 0x0000028a9624c000 Exception <a 'java/lang/NoSuchMethodError'{0x00000000876371f0}: 'java.lang.Object java.lang.invoke.Invokers$Holder.linkToTargetMethod(java.lang.Object, java.lang.Object, int, java.lang.Object)'> (0x00000000876371f0) thrown at [./src/hotspot/share/interpreter/linkResolver.cpp, line 773]
Event: 6.203 Thread 0x0000028a9624c000 Exception <a 'java/lang/NoSuchMethodError'{0x00000000869aa100}: 'void java.lang.invoke.DirectMethodHandle$Holder.invokeStatic(java.lang.Object, java.lang.Object, java.lang.Object, int, java.lang.Object)'> (0x00000000869aa100) thrown at [./src/hotspot/share/interpreter/linkResolver.cpp, line 773]
Event: 6.298 Thread 0x0000028a96c34000 Implicit null exception at 0x0000028a87b11974 to 0x0000028a87b11e60
Event: 6.478 Thread 0x0000028a96c34000 Exception <a 'sun/nio/fs/WindowsException'{0x0000000089642be8}> (0x0000000089642be8) thrown at [./src/hotspot/share/prims/jni.cpp, line 615]
Event: 6.490 Thread 0x0000028a96c34000 Exception <a 'java/lang/IncompatibleClassChangeError'{0x0000000089667db8}: Found class java.lang.Object, but interface was expected> (0x0000000089667db8) thrown at [./src/hotspot/share/interpreter/linkResolver.cpp, line 839]
Event: 180.422 Thread 0x0000028a9624c000 Implicit null exception at 0x0000028a87d3711b to 0x0000028a87d378d4
Event: 180.422 Thread 0x0000028a9624c000 Implicit null exception at 0x0000028a87d38f20 to 0x0000028a87d3968c
Event: 181.175 Thread 0x0000028a9624c000 Exception <a 'java/lang/OutOfMemoryError'{0x0000000088256390}> (0x0000000088256390) thrown at [./src/hotspot/share/prims/jni.cpp, line 636]
Event: 181.654 Thread 0x0000028a955e2800 Exception <a 'java/lang/NoSuchMethodError'{0x0000000087e2afb8}: <clinit>> (0x0000000087e2afb8) thrown at [./src/hotspot/share/prims/jni.cpp, line 1365]
Event: 181.656 Thread 0x0000028a955e2800 Exception <a 'java/lang/NoSuchMethodError'{0x0000000087e373c8}: <clinit>> (0x0000000087e373c8) thrown at [./src/hotspot/share/prims/jni.cpp, line 1365]
Event: 251.600 Thread 0x0000028a96c3c800 Exception <a 'sun/nio/fs/WindowsException'{0x0000000087792440}> (0x0000000087792440) thrown at [./src/hotspot/share/prims/jni.cpp, line 615]
Event: 251.602 Thread 0x0000028a96c3c800 Exception <a 'sun/nio/fs/WindowsException'{0x0000000087792620}> (0x0000000087792620) thrown at [./src/hotspot/share/prims/jni.cpp, line 615]
Event: 251.632 Thread 0x0000028a96c33800 Exception <a 'java/lang/ClassNotFoundException'{0x000000008760bb80}: sync_studio_tooling2_5qik56h9ogc1v0fgmth4k9pboBeanInfo> (0x000000008760bb80) thrown at [./src/hotspot/share/classfile/systemDictionary.cpp, line 231]
Event: 251.633 Thread 0x0000028a96c33800 Exception <a 'java/lang/ClassNotFoundException'{0x0000000087613fa8}: sync_studio_tooling2_5qik56h9ogc1v0fgmth4k9pboCustomizer> (0x0000000087613fa8) thrown at [./src/hotspot/share/classfile/systemDictionary.cpp, line 231]
Event: 251.678 Thread 0x0000028a96c38800 Exception <a 'sun/nio/fs/WindowsException'{0x00000000876d0ed0}> (0x00000000876d0ed0) thrown at [./src/hotspot/share/prims/jni.cpp, line 615]
Event: 251.678 Thread 0x0000028a96c38800 Exception <a 'sun/nio/fs/WindowsException'{0x00000000876d10a8}> (0x00000000876d10a8) thrown at [./src/hotspot/share/prims/jni.cpp, line 615]
Event: 251.682 Thread 0x0000028a96c33800 Exception <a 'java/lang/ClassNotFoundException'{0x000000008753ad18}: sync_studio_tooling2_5qik56h9ogc1v0fgmth4k9pboBeanInfo> (0x000000008753ad18) thrown at [./src/hotspot/share/classfile/systemDictionary.cpp, line 231]
Event: 251.683 Thread 0x0000028a96c33800 Exception <a 'java/lang/ClassNotFoundException'{0x0000000087543100}: sync_studio_tooling2_5qik56h9ogc1v0fgmth4k9pboCustomizer> (0x0000000087543100) thrown at [./src/hotspot/share/classfile/systemDictionary.cpp, line 231]

Events (20 events):
Event: 251.750 loading class org/gradle/plugin/use/resolve/internal/CompositePluginResolver
Event: 251.750 loading class org/gradle/plugin/use/resolve/internal/CompositePluginResolver done
Event: 251.750 Executing VM operation: RevokeBias
Event: 251.751 Executing VM operation: RevokeBias done
Event: 251.751 Executing VM operation: RevokeBias
Event: 251.751 Executing VM operation: RevokeBias done
Event: 251.752 loading class org/gradle/plugin/use/resolve/internal/NoopPluginResolver
Event: 251.752 loading class org/gradle/plugin/use/resolve/internal/NoopPluginResolver done
Event: 251.754 loading class org/gradle/plugin/use/resolve/internal/CorePluginResolver
Event: 251.754 loading class org/gradle/plugin/use/resolve/internal/CorePluginResolver done
Event: 251.755 loading class org/gradle/plugin/management/internal/InvalidPluginRequestException
Event: 251.755 loading class org/gradle/plugin/management/internal/InvalidPluginRequestException done
Event: 251.755 loading class org/gradle/composite/internal/plugins/CompositeBuildPluginResolverContributor$CompositeBuildPluginResolver
Event: 251.755 loading class org/gradle/composite/internal/plugins/CompositeBuildPluginResolverContributor$CompositeBuildPluginResolver done
Event: 251.756 Executing VM operation: RevokeBias
Event: 251.756 Executing VM operation: RevokeBias done
Event: 251.756 Executing VM operation: RevokeBias
Event: 251.757 Executing VM operation: RevokeBias done
Event: 251.758 loading class org/gradle/plugin/use/resolve/internal/ArtifactRepositoriesPluginResolver
Event: 251.758 loading class org/gradle/plugin/use/resolve/internal/ArtifactRepositoriesPluginResolver done


Dynamic libraries:
0x00007ff75dcb0000 - 0x00007ff75dcba000 	C:\Program Files\Android\Android Studio2\jre\bin\java.exe
0x00007ffe86f00000 - 0x00007ffe87109000 	C:\WINDOWS\SYSTEM32\ntdll.dll
0x00007ffe861b0000 - 0x00007ffe8626d000 	C:\WINDOWS\System32\KERNEL32.DLL
0x00007ffe84500000 - 0x00007ffe8487d000 	C:\WINDOWS\System32\KERNELBASE.dll
0x00007ffe843e0000 - 0x00007ffe844f1000 	C:\WINDOWS\System32\ucrtbase.dll
0x00007ffe73460000 - 0x00007ffe73477000 	C:\Program Files\Android\Android Studio2\jre\bin\VCRUNTIME140.dll
0x00007ffe6e170000 - 0x00007ffe6e189000 	C:\Program Files\Android\Android Studio2\jre\bin\jli.dll
0x00007ffe84f30000 - 0x00007ffe850dd000 	C:\WINDOWS\System32\USER32.dll
0x00007ffe6db40000 - 0x00007ffe6dde5000 	C:\WINDOWS\WinSxS\amd64_microsoft.windows.common-controls_6595b64144ccf1df_6.0.22000.120_none_9d947278b86cc467\COMCTL32.dll
0x00007ffe849b0000 - 0x00007ffe849d6000 	C:\WINDOWS\System32\win32u.dll
0x00007ffe84d90000 - 0x00007ffe84e33000 	C:\WINDOWS\System32\msvcrt.dll
0x00007ffe855d0000 - 0x00007ffe855f9000 	C:\WINDOWS\System32\GDI32.dll
0x00007ffe84b00000 - 0x00007ffe84c18000 	C:\WINDOWS\System32\gdi32full.dll
0x00007ffe84a60000 - 0x00007ffe84afd000 	C:\WINDOWS\System32\msvcp_win.dll
0x00007ffe84ee0000 - 0x00007ffe84f11000 	C:\WINDOWS\System32\IMM32.DLL
0x00007ffe47590000 - 0x00007ffe4762d000 	C:\Program Files\Android\Android Studio2\jre\bin\msvcp140.dll
0x00007ffe3a9b0000 - 0x00007ffe3b495000 	C:\Program Files\Android\Android Studio2\jre\bin\server\jvm.dll
0x00007ffe86610000 - 0x00007ffe866be000 	C:\WINDOWS\System32\ADVAPI32.dll
0x00007ffe85fc0000 - 0x00007ffe8605e000 	C:\WINDOWS\System32\sechost.dll
0x00007ffe866c0000 - 0x00007ffe867e0000 	C:\WINDOWS\System32\RPCRT4.dll
0x00007ffe7daa0000 - 0x00007ffe7dad3000 	C:\WINDOWS\SYSTEM32\WINMM.dll
0x00007ffe86e40000 - 0x00007ffe86e48000 	C:\WINDOWS\System32\PSAPI.DLL
0x00007ffe7efa0000 - 0x00007ffe7efaa000 	C:\WINDOWS\SYSTEM32\VERSION.dll
0x00007ffe6b1e0000 - 0x00007ffe6b1e9000 	C:\WINDOWS\SYSTEM32\WSOCK32.dll
0x00007ffe86dd0000 - 0x00007ffe86e3f000 	C:\WINDOWS\System32\ws2_32.DLL
0x00007ffe835d0000 - 0x00007ffe835e8000 	C:\WINDOWS\SYSTEM32\kernel.appcore.dll
0x00007ffe73180000 - 0x00007ffe73191000 	C:\Program Files\Android\Android Studio2\jre\bin\verify.dll
0x00007ffe819b0000 - 0x00007ffe81bd1000 	C:\WINDOWS\SYSTEM32\DBGHELP.DLL
0x00007ffe6b200000 - 0x00007ffe6b231000 	C:\WINDOWS\SYSTEM32\dbgcore.DLL
0x00007ffe849e0000 - 0x00007ffe84a5f000 	C:\WINDOWS\System32\bcryptPrimitives.dll
0x00007ffe6edf0000 - 0x00007ffe6ee19000 	C:\Program Files\Android\Android Studio2\jre\bin\java.dll
0x00007ffe7db00000 - 0x00007ffe7db0b000 	C:\Program Files\Android\Android Studio2\jre\bin\jimage.dll
0x00007ffe73160000 - 0x00007ffe73178000 	C:\Program Files\Android\Android Studio2\jre\bin\zip.dll
0x00007ffe85740000 - 0x00007ffe85ef8000 	C:\WINDOWS\System32\SHELL32.dll
0x00007ffe82560000 - 0x00007ffe82dc8000 	C:\WINDOWS\SYSTEM32\windows.storage.dll
0x00007ffe86270000 - 0x00007ffe865e9000 	C:\WINDOWS\System32\combase.dll
0x00007ffe823f0000 - 0x00007ffe82556000 	C:\WINDOWS\SYSTEM32\wintypes.dll
0x00007ffe867e0000 - 0x00007ffe868ca000 	C:\WINDOWS\System32\SHCORE.dll
0x00007ffe850e0000 - 0x00007ffe8513d000 	C:\WINDOWS\System32\shlwapi.dll
0x00007ffe84310000 - 0x00007ffe84331000 	C:\WINDOWS\SYSTEM32\profapi.dll
0x00007ffe72fd0000 - 0x00007ffe72fea000 	C:\Program Files\Android\Android Studio2\jre\bin\net.dll
0x00007ffe7ee90000 - 0x00007ffe7ef9c000 	C:\WINDOWS\SYSTEM32\WINHTTP.dll
0x00007ffe83a00000 - 0x00007ffe83a67000 	C:\WINDOWS\system32\mswsock.dll
0x00007ffe71a00000 - 0x00007ffe71a14000 	C:\Program Files\Android\Android Studio2\jre\bin\nio.dll
0x00007ffe45620000 - 0x00007ffe45647000 	C:\Users\Asus\.gradle\native\f6784746aeab05261644944871eae4fe03e0ef1612fff0a4a95f87b438bc6780\windows-amd64\native-platform.dll
0x00007ffe744c0000 - 0x00007ffe744ca000 	C:\Program Files\Android\Android Studio2\jre\bin\management.dll
0x00007ffe742e0000 - 0x00007ffe742ed000 	C:\Program Files\Android\Android Studio2\jre\bin\management_ext.dll
0x00007ffe83c40000 - 0x00007ffe83c58000 	C:\WINDOWS\SYSTEM32\CRYPTSP.dll
0x00007ffe83530000 - 0x00007ffe83565000 	C:\WINDOWS\system32\rsaenh.dll
0x00007ffe83af0000 - 0x00007ffe83b19000 	C:\WINDOWS\SYSTEM32\USERENV.dll
0x00007ffe83dc0000 - 0x00007ffe83de7000 	C:\WINDOWS\SYSTEM32\bcrypt.dll
0x00007ffe83c60000 - 0x00007ffe83c6c000 	C:\WINDOWS\SYSTEM32\CRYPTBASE.dll
0x00007ffe83100000 - 0x00007ffe8312d000 	C:\WINDOWS\SYSTEM32\IPHLPAPI.DLL
0x00007ffe85f00000 - 0x00007ffe85f09000 	C:\WINDOWS\System32\NSI.dll
0x00007ffe7ee60000 - 0x00007ffe7ee79000 	C:\WINDOWS\SYSTEM32\dhcpcsvc6.DLL
0x00007ffe7f0d0000 - 0x00007ffe7f0ee000 	C:\WINDOWS\SYSTEM32\dhcpcsvc.DLL
0x00007ffe83130000 - 0x00007ffe83218000 	C:\WINDOWS\SYSTEM32\DNSAPI.dll
0x00007ffe7ec40000 - 0x00007ffe7ec4c000 	C:\WINDOWS\SYSTEM32\WINNSI.DLL
0x00007ffe6bf90000 - 0x00007ffe6bfb7000 	C:\Program Files\Android\Android Studio2\jre\bin\sunec.dll
0x00007ffe71eb0000 - 0x00007ffe71eba000 	C:\Windows\System32\rasadhlp.dll
0x00007ffe7cd60000 - 0x00007ffe7cde1000 	C:\WINDOWS\System32\fwpuclnt.dll

dbghelp: loaded successfully - version: 4.0.5 - missing functions: none
symbol engine: initialized successfully - sym options: 0x614 - pdb path: .;C:\Program Files\Android\Android Studio2\jre\bin;C:\WINDOWS\SYSTEM32;C:\WINDOWS\WinSxS\amd64_microsoft.windows.common-controls_6595b64144ccf1df_6.0.22000.120_none_9d947278b86cc467;C:\Program Files\Android\Android Studio2\jre\bin\server;C:\Users\Asus\.gradle\native\f6784746aeab05261644944871eae4fe03e0ef1612fff0a4a95f87b438bc6780\windows-amd64

VM Arguments:
jvm_args: --add-opens=java.base/java.util=ALL-UNNAMED --add-opens=java.base/java.lang=ALL-UNNAMED --add-opens=java.base/java.lang.invoke=ALL-UNNAMED --add-opens=java.prefs/java.util.prefs=ALL-UNNAMED -Xmx2048m -Dfile.encoding=UTF-8 -Duser.country=ID -Duser.language=en -Duser.variant 
java_command: org.gradle.launcher.daemon.bootstrap.GradleDaemon 6.5
java_class_path (initial): C:\Users\Asus\.gradle\wrapper\dists\gradle-6.5-bin\6nifqtx7604sqp1q6g8wikw7p\gradle-6.5\lib\gradle-launcher-6.5.jar
Launcher Type: SUN_STANDARD

[Global flags]
     intx CICompilerCount                          = 4                                         {product} {ergonomic}
     uint ConcGCThreads                            = 3                                         {product} {ergonomic}
     uint G1ConcRefinementThreads                  = 10                                        {product} {ergonomic}
   size_t G1HeapRegionSize                         = 1048576                                   {product} {ergonomic}
    uintx GCDrainStackTargetSize                   = 64                                        {product} {ergonomic}
   size_t InitialHeapSize                          = 132120576                                 {product} {ergonomic}
   size_t MarkStackSize                            = 4194304                                   {product} {ergonomic}
   size_t MaxHeapSize                              = 2147483648                                {product} {command line}
   size_t MaxNewSize                               = 1287651328                                {product} {ergonomic}
   size_t MinHeapDeltaBytes                        = 1048576                                   {product} {ergonomic}
    uintx NonNMethodCodeHeapSize                   = 5836300                                {pd product} {ergonomic}
    uintx NonProfiledCodeHeapSize                  = 122910970                              {pd product} {ergonomic}
    uintx ProfiledCodeHeapSize                     = 122910970                              {pd product} {ergonomic}
    uintx ReservedCodeCacheSize                    = 251658240                              {pd product} {ergonomic}
     bool SegmentedCodeCache                       = true                                      {product} {ergonomic}
     bool UseCompressedClassPointers               = true                                 {lp64_product} {ergonomic}
     bool UseCompressedOops                        = true                                 {lp64_product} {ergonomic}
     bool UseG1GC                                  = true                                      {product} {ergonomic}
     bool UseLargePagesIndividualAllocation        = false                                  {pd product} {ergonomic}

Logging:
Log output configuration:
 #0: stdout all=warning uptime,level,tags
 #1: stderr all=off uptime,level,tags

Environment Variables:
PATH=C:\Program Files (x86)\Common Files\Oracle\Java\javapath;C:\Windows\system32;C:\Windows;C:\Windows\System32\Wbem;C:\Windows\System32\WindowsPowerShell\v1.0\;C:\Windows\System32\OpenSSH\;C:\Program Files (x86)\NVIDIA Corporation\PhysX\Common;C:\Program Files\NVIDIA Corporation\NVIDIA NvDLISR;C:\WINDOWS\system32;C:\WINDOWS;C:\WINDOWS\System32\Wbem;C:\WINDOWS\System32\WindowsPowerShell\v1.0\;C:\WINDOWS\System32\OpenSSH\;C:\Program Files (x86)\dotnet\;C:\xampp\php;C:\ProgramData\ComposerSetup\bin;C:\Program Files\Git\cmd;C:\Program Files\dotnet\;C:\Python\Scripts\;C:\Python\;";C:\Program Files\Java";E:\Users\Asus\AppData\Local\Programs\Microsoft VS Code\bin;C:\Users\Asus\AppData\Local\Microsoft\WindowsApps;C:\xampp\php;C:\Users\Asus\AppData\Roaming\Composer\vendor\bin;C:\Users\Asus\AppData\Local\GitHubDesktop\bin
USERNAME=Asus
OS=Windows_NT
PROCESSOR_IDENTIFIER=Intel64 Family 6 Model 165 Stepping 2, GenuineIntel



---------------  S Y S T E M  ---------------

OS: Windows 10 , 64 bit Build 22000 (10.0.22000.708)
OS uptime: 4 days 15:03 hours

CPU:total 12 (initial active 12) (6 cores per cpu, 2 threads per core) family 6 model 165 stepping 2 microcode 0xe0, cmov, cx8, fxsr, mmx, sse, sse2, sse3, ssse3, sse4.1, sse4.2, popcnt, avx, avx2, aes, clmul, erms, 3dnowpref, lzcnt, ht, tsc, tscinvbit, bmi1, bmi2, adx, fma

Memory: 4k page, system-wide physical 8028M (703M free)
TotalPageFile size 32604M (AvailPageFile size 28M)
current process WorkingSet (physical memory assigned to process): 215M, peak: 323M
current process commit charge ("private bytes"): 370M, peak: 463M

vm_info: OpenJDK 64-Bit Server VM (11.0.12+7-b1504.28-7817840) for windows-amd64 JRE (11.0.12+7-b1504.28-7817840), built on Oct 13 2021 22:12:33 by "builder" with MS VC++ 14.0 (VS2015)

END.
